Log file open, 11/23/21 15:23:11
LogWindows: Failed to load 'aqProf.dll' (GetLastError=126)
LogWindows: File 'aqProf.dll' does not exist
LogWindows: Failed to load 'VtuneApi.dll' (GetLastError=126)
LogWindows: File 'VtuneApi.dll' does not exist
LogWindows: Failed to load 'VtuneApi32e.dll' (GetLastError=126)
LogWindows: File 'VtuneApi32e.dll' does not exist
LogConsoleResponse: Display: Failed to find resolution value strings in scalability ini. Falling back to default.
LogConsoleResponse: Display: Failed to find resolution value strings in scalability ini. Falling back to default.
LogInit: Display: Running engine for game: KrantzMura_Game
LogPlatformFile: Not using cached read wrapper
LogTaskGraph: Started task graph with 5 named threads and 14 total threads with 3 sets of task threads.
LogStats: Stats thread started at 0.268535
LogICUInternationalization: ICU TimeZone Detection - Raw Offset: +0:00, Platform Override: ''
LogInit: Display: Loading text-based GConfig....
LogPluginManager: Mounting plugin MeshPainting
LogPluginManager: Mounting plugin XGEController
LogPluginManager: Mounting plugin Paper2D
LogPluginManager: Mounting plugin LiveLink
LogPluginManager: Mounting plugin AISupport
LogPluginManager: Mounting plugin EnvironmentQueryEditor
LogPluginManager: Mounting plugin LightPropagationVolume
LogPluginManager: Mounting plugin CameraShakePreviewer
LogPluginManager: Mounting plugin GameplayCameras
LogPluginManager: Mounting plugin OodleData
LogPluginManager: Mounting plugin OodleNetwork
LogPluginManager: Mounting plugin AnimationSharing
LogPluginManager: Mounting plugin CLionSourceCodeAccess
LogPluginManager: Mounting plugin CodeLiteSourceCodeAccess
LogPluginManager: Mounting plugin GitSourceControl
LogPluginManager: Mounting plugin KDevelopSourceCodeAccess
LogPluginManager: Mounting plugin NullSourceCodeAccess
LogPluginManager: Mounting plugin PerforceSourceControl
LogPluginManager: Mounting plugin PixWinPlugin
LogPluginManager: Mounting plugin PlasticSourceControl
LogPluginManager: Mounting plugin PluginUtils
LogPluginManager: Mounting plugin PropertyAccessNode
LogPluginManager: Mounting plugin RiderSourceCodeAccess
LogPluginManager: Mounting plugin SubversionSourceControl
LogPluginManager: Mounting plugin TextureFormatOodle
LogPluginManager: Mounting plugin AssetManagerEditor
LogPluginManager: Mounting plugin UObjectPlugin
LogPluginManager: Mounting plugin CryptoKeys
LogPluginManager: Mounting plugin VisualStudioCodeSourceCodeAccess
LogPluginManager: Mounting plugin CurveEditorTools
LogPluginManager: Mounting plugin XCodeSourceCodeAccess
LogPluginManager: Mounting plugin DataValidation
LogPluginManager: Mounting plugin FacialAnimation
LogPluginManager: Mounting plugin GameplayTagsEditor
LogPluginManager: Mounting plugin GeometryMode
LogPluginManager: Mounting plugin MacGraphicsSwitching
LogPluginManager: Mounting plugin MaterialAnalyzer
LogPluginManager: Mounting plugin MobileLauncherProfileWizard
LogPluginManager: Mounting plugin PluginBrowser
LogPluginManager: Mounting plugin SpeedTreeImporter
LogPluginManager: Mounting plugin Niagara
LogPluginManager: Mounting plugin AlembicImporter
LogPluginManager: Mounting plugin VisualStudioSourceCodeAccess
LogPluginManager: Mounting plugin AutomationUtils
LogPluginManager: Mounting plugin BackChannel
LogPluginManager: Mounting plugin ChaosCloth
LogPluginManager: Mounting plugin ChaosClothEditor
LogPluginManager: Mounting plugin ChaosEditor
LogPluginManager: Mounting plugin ChaosNiagara
LogPluginManager: Mounting plugin LuminPlatformFeatures
LogPluginManager: Mounting plugin ChaosSolverPlugin
LogPluginManager: Mounting plugin MagicLeap
LogPluginManager: Mounting plugin CharacterAI
LogPluginManager: Mounting plugin MagicLeapLightEstimation
LogPluginManager: Mounting plugin MagicLeapMedia
LogPluginManager: Mounting plugin GeometryCache
LogPluginManager: Mounting plugin GeometryCollectionPlugin
LogPluginManager: Mounting plugin MagicLeapPassableWorld
LogPluginManager: Mounting plugin MLSDK
LogPluginManager: Mounting plugin AndroidMedia
LogPluginManager: Mounting plugin GeometryProcessing
LogPluginManager: Mounting plugin AvfMedia
LogPluginManager: Mounting plugin MotoSynth
LogPluginManager: Mounting plugin OpenImageDenoise
LogPluginManager: Mounting plugin PlanarCut
LogPluginManager: Mounting plugin PlatformCrypto
LogPluginManager: Mounting plugin ProxyLODPlugin
LogPluginManager: Mounting plugin ImgMedia
LogPluginManager: Mounting plugin PythonScriptPlugin
LogPluginManager: Mounting plugin MediaCompositing
LogPluginManager: Mounting plugin MediaPlayerEditor
LogPluginManager: Mounting plugin SkeletalReduction
LogPluginManager: Mounting plugin WebMMedia
LogPluginManager: Mounting plugin WmfMedia
LogPluginManager: Mounting plugin TcpMessaging
LogPluginManager: Mounting plugin UdpMessaging
LogPluginManager: Mounting plugin ActorSequence
LogPluginManager: Mounting plugin LevelSequenceEditor
LogPluginManager: Mounting plugin MatineeToLevelSequence
LogPluginManager: Mounting plugin TemplateSequence
LogPluginManager: Mounting plugin OnlineSubsystem
LogPluginManager: Mounting plugin OnlineSubsystemNull
LogPluginManager: Mounting plugin OnlineSubsystemUtils
LogPluginManager: Mounting plugin LauncherChunkInstaller
LogPluginManager: Mounting plugin ActorLayerUtilities
LogPluginManager: Mounting plugin AndroidDeviceProfileSelector
LogPluginManager: Mounting plugin AndroidMoviePlayer
LogPluginManager: Mounting plugin AndroidPermission
LogPluginManager: Mounting plugin AppleImageUtils
LogPluginManager: Mounting plugin AppleMoviePlayer
LogPluginManager: Mounting plugin ArchVisCharacter
LogPluginManager: Mounting plugin AssetTags
LogPluginManager: Mounting plugin AudioCapture
LogPluginManager: Mounting plugin AudioSynesthesia
LogPluginManager: Mounting plugin CableComponent
LogPluginManager: Mounting plugin ChunkDownloader
LogPluginManager: Mounting plugin CustomMeshComponent
LogPluginManager: Mounting plugin EditableMesh
LogPluginManager: Mounting plugin ExampleDeviceProfileSelector
LogPluginManager: Mounting plugin GoogleCloudMessaging
LogPluginManager: Mounting plugin GooglePAD
LogPluginManager: Mounting plugin IOSDeviceProfileSelector
LogPluginManager: Mounting plugin LinuxDeviceProfileSelector
LogPluginManager: Mounting plugin LocationServicesBPLibrary
LogPluginManager: Mounting plugin MobilePatchingUtils
LogPluginManager: Mounting plugin OpenXR
LogPluginManager: Mounting plugin OpenXREyeTracker
LogPluginManager: Mounting plugin ScreenshotTools
LogPluginManager: Mounting plugin OpenXRHandTracking
LogPluginManager: Mounting plugin PhysXVehicles
LogPluginManager: Mounting plugin PostSplashScreen
LogPluginManager: Mounting plugin ProceduralMeshComponent
LogPluginManager: Mounting plugin PropertyAccessEditor
LogPluginManager: Mounting plugin RuntimePhysXCooking
LogPluginManager: Mounting plugin SignificanceManager
LogPluginManager: Mounting plugin SoundFields
LogPluginManager: Mounting plugin Synthesis
LogPluginManager: Mounting plugin WebMMoviePlayer
LogPluginManager: Mounting plugin WindowsMoviePlayer
LogPluginManager: Mounting plugin Takes
LogPluginManager: Mounting plugin DatasmithContent
LogPluginManager: Mounting plugin VariantManagerContent
LogPluginManager: Mounting plugin ContentBrowserAssetDataSource
LogPluginManager: Mounting plugin ContentBrowserClassDataSource
LogPluginManager: Mounting plugin ContentBrowserFileDataSource
LogPluginManager: Mounting plugin OnlineSubsystemGooglePlay
LogPluginManager: Mounting plugin OnlineSubsystemIOS
LogPluginManager: Mounting plugin OculusVR
LogPluginManager: Mounting plugin SteamVR
PixWinPlugin: PIX capture plugin failed to initialize! Check that the process is launched from PIX.
LogInit: Using libcurl 7.55.1-DEV
LogInit:  - built for x86_64-pc-win32
LogInit:  - supports SSL with OpenSSL/1.1.1
LogInit:  - supports HTTP deflate (compression) using libz 1.2.8
LogInit:  - other features:
LogInit:      CURL_VERSION_SSL
LogInit:      CURL_VERSION_LIBZ
LogInit:      CURL_VERSION_IPV6
LogInit:      CURL_VERSION_ASYNCHDNS
LogInit:      CURL_VERSION_LARGEFILE
LogInit:      CURL_VERSION_IDN
LogInit:  CurlRequestOptions (configurable via config and command line):
LogInit:  - bVerifyPeer = true  - Libcurl will verify peer certificate
LogInit:  - bUseHttpProxy = false  - Libcurl will NOT use HTTP proxy
LogInit:  - bDontReuseConnections = false  - Libcurl will reuse connections
LogInit:  - MaxHostConnections = 16  - Libcurl will limit the number of connections to a host
LogInit:  - LocalHostAddr = Default
LogInit:  - BufferSize = 65536
LogOnline: OSS: Creating online subsystem instance for: NULL
LogInit: WinSock: version 1.1 (2.2), MaxSocks=32767, MaxUdp=65467
LogOnline: OSS: TryLoadSubsystemAndSetDefault: Loaded subsystem for module [NULL]
LogOculusPluginWrapper: OculusPlugin initialized successfully
LogHMD: Failed initializing OVRPlugin 1.59.0
LogInit: Build: ++UE4+Release-4.27-CL-17735300
LogInit: Engine Version: 4.27.1-17735300+++UE4+Release-4.27
LogInit: Compatible Engine Version: 4.27.0-17155196+++UE4+Release-4.27
LogInit: Net CL: 17155196
LogInit: OS: Windows 10 (Release 2009) (), CPU: Intel(R) Core(TM) i5-6600K CPU @ 3.50GHz, GPU: NVIDIA GeForce GTX 1070
LogInit: Compiled (64-bit): Oct  6 2021 14:42:51
LogInit: Compiled with Visual C++: 19.24.28315.00
LogInit: Build Configuration: Development
LogInit: Branch Name: ++UE4+Release-4.27
LogInit: Command Line: 
LogInit: Base Directory: F:/Unreal/UE_4.27/Engine/Binaries/Win64/
LogInit: Allocator: TBB
LogInit: Installed Engine Build: 1
LogDevObjectVersion: Number of dev versions registered: 29
LogDevObjectVersion:   Dev-Blueprints (B0D832E4-1F89-4F0D-ACCF-7EB736FD4AA2): 10
LogDevObjectVersion:   Dev-Build (E1C64328-A22C-4D53-A36C-8E866417BD8C): 0
LogDevObjectVersion:   Dev-Core (375EC13C-06E4-48FB-B500-84F0262A717E): 4
LogDevObjectVersion:   Dev-Editor (E4B068ED-F494-42E9-A231-DA0B2E46BB41): 40
LogDevObjectVersion:   Dev-Framework (CFFC743F-43B0-4480-9391-14DF171D2073): 37
LogDevObjectVersion:   Dev-Mobile (B02B49B5-BB20-44E9-A304-32B752E40360): 3
LogDevObjectVersion:   Dev-Networking (A4E4105C-59A1-49B5-A7C5-40C4547EDFEE): 0
LogDevObjectVersion:   Dev-Online (39C831C9-5AE6-47DC-9A44-9C173E1C8E7C): 0
LogDevObjectVersion:   Dev-Physics (78F01B33-EBEA-4F98-B9B4-84EACCB95AA2): 14
LogDevObjectVersion:   Dev-Platform (6631380F-2D4D-43E0-8009-CF276956A95A): 0
LogDevObjectVersion:   Dev-Rendering (12F88B9F-8875-4AFC-A67C-D90C383ABD29): 45
LogDevObjectVersion:   Dev-Sequencer (7B5AE74C-D270-4C10-A958-57980B212A5A): 13
LogDevObjectVersion:   Dev-VR (D7296918-1DD6-4BDD-9DE2-64A83CC13884): 3
LogDevObjectVersion:   Dev-LoadTimes (C2A15278-BFE7-4AFE-6C17-90FF531DF755): 1
LogDevObjectVersion:   Private-Geometry (6EACA3D4-40EC-4CC1-B786-8BED09428FC5): 3
LogDevObjectVersion:   Dev-AnimPhys (29E575DD-E0A3-4627-9D10-D276232CDCEA): 17
LogDevObjectVersion:   Dev-Anim (AF43A65D-7FD3-4947-9873-3E8ED9C1BB05): 15
LogDevObjectVersion:   Dev-ReflectionCapture (6B266CEC-1EC7-4B8F-A30B-E4D90942FC07): 1
LogDevObjectVersion:   Dev-Automation (0DF73D61-A23F-47EA-B727-89E90C41499A): 1
LogDevObjectVersion:   FortniteMain (601D1886-AC64-4F84-AA16-D3DE0DEAC7D6): 47
LogDevObjectVersion:   FortniteRelease (E7086368-6B23-4C58-8439-1B7016265E91): 1
LogDevObjectVersion:   Dev-Enterprise (9DFFBCD6-494F-0158-E221-12823C92A888): 10
LogDevObjectVersion:   Dev-Niagara (F2AED0AC-9AFE-416F-8664-AA7FFA26D6FC): 1
LogDevObjectVersion:   Dev-Destruction (174F1F0B-B4C6-45A5-B13F-2EE8D0FB917D): 10
LogDevObjectVersion:   Dev-Physics-Ext (35F94A83-E258-406C-A318-09F59610247C): 41
LogDevObjectVersion:   Dev-PhysicsMaterial-Chaos (B68FC16E-8B1B-42E2-B453-215C058844FE): 1
LogDevObjectVersion:   Dev-CineCamera (B2E18506-4273-CFC2-A54E-F4BB758BBA07): 1
LogDevObjectVersion:   Dev-VirtualProduction (64F58936-FD1B-42BA-BA96-7289D5D0FA4E): 1
LogDevObjectVersion:   Dev-MediaFramework (6F0ED827-A609-4895-9C91-998D90180EA4): 2
LogInit: Presizing for max 25165824 objects, including 0 objects not considered by GC, pre-allocating 0 bytes for permanent pool.
LogConfig: Applying CVar settings from Section [/Script/Engine.StreamingSettings] File [C:/Users/David/Desktop/Project-Krantz-Mura/KrantzMura_Game/Saved/Config/Windows/Engine.ini]
LogConfig: Setting CVar [[s.MinBulkDataSizeForAsyncLoading:131072]]
LogConfig: Setting CVar [[s.AsyncLoadingThreadEnabled:0]]
LogConfig: Setting CVar [[s.EventDrivenLoaderEnabled:1]]
LogConfig: Setting CVar [[s.WarnIfTimeLimitExceeded:0]]
LogConfig: Setting CVar [[s.TimeLimitExceededMultiplier:1.5]]
LogConfig: Setting CVar [[s.TimeLimitExceededMinTime:0.005]]
LogConfig: Setting CVar [[s.UseBackgroundLevelStreaming:1]]
LogConfig: Setting CVar [[s.PriorityAsyncLoadingExtraTime:15.0]]
LogConfig: Setting CVar [[s.LevelStreamingActorsUpdateTimeLimit:5.0]]
LogConfig: Setting CVar [[s.PriorityLevelStreamingActorsUpdateExtraTime:5.0]]
LogConfig: Setting CVar [[s.LevelStreamingComponentsRegistrationGranularity:10]]
LogConfig: Setting CVar [[s.UnregisterComponentsTimeLimit:1.0]]
LogConfig: Setting CVar [[s.LevelStreamingComponentsUnregistrationGranularity:5]]
LogConfig: Setting CVar [[s.FlushStreamingOnExit:1]]
LogInit: Object subsystem initialized
LogConfig: Setting CVar [[con.DebugEarlyDefault:1]]
LogConfig: Setting CVar [[r.setres:1280x720]]
[2021.11.23-15.23.12:393][  0]LogConfig: Setting CVar [[r.VSync:0]]
[2021.11.23-15.23.12:393][  0]LogConfig: Setting CVar [[r.RHICmdBypass:0]]
[2021.11.23-15.23.12:393][  0]LogConfig: Applying CVar settings from Section [/Script/Engine.RendererSettings] File [C:/Users/David/Desktop/Project-Krantz-Mura/KrantzMura_Game/Saved/Config/Windows/Engine.ini]
[2021.11.23-15.23.12:393][  0]LogConfig: Setting CVar [[r.GPUCrashDebugging:0]]
[2021.11.23-15.23.12:393][  0]LogConfig: Applying CVar settings from Section [/Script/Engine.RendererOverrideSettings] File [C:/Users/David/Desktop/Project-Krantz-Mura/KrantzMura_Game/Saved/Config/Windows/Engine.ini]
[2021.11.23-15.23.12:393][  0]LogConfig: Applying CVar settings from Section [/Script/Engine.StreamingSettings] File [C:/Users/David/Desktop/Project-Krantz-Mura/KrantzMura_Game/Saved/Config/Windows/Engine.ini]
[2021.11.23-15.23.12:393][  0]LogConfig: Setting CVar [[s.MinBulkDataSizeForAsyncLoading:131072]]
[2021.11.23-15.23.12:393][  0]LogConfig: Setting CVar [[s.AsyncLoadingThreadEnabled:0]]
[2021.11.23-15.23.12:393][  0]LogConfig: Setting CVar [[s.EventDrivenLoaderEnabled:1]]
[2021.11.23-15.23.12:393][  0]LogConfig: Setting CVar [[s.WarnIfTimeLimitExceeded:0]]
[2021.11.23-15.23.12:393][  0]LogConfig: Setting CVar [[s.TimeLimitExceededMultiplier:1.5]]
[2021.11.23-15.23.12:393][  0]LogConfig: Setting CVar [[s.TimeLimitExceededMinTime:0.005]]
[2021.11.23-15.23.12:393][  0]LogConfig: Setting CVar [[s.UseBackgroundLevelStreaming:1]]
[2021.11.23-15.23.12:393][  0]LogConfig: Setting CVar [[s.PriorityAsyncLoadingExtraTime:15.0]]
[2021.11.23-15.23.12:393][  0]LogConfig: Setting CVar [[s.LevelStreamingActorsUpdateTimeLimit:5.0]]
[2021.11.23-15.23.12:393][  0]LogConfig: Setting CVar [[s.PriorityLevelStreamingActorsUpdateExtraTime:5.0]]
[2021.11.23-15.23.12:393][  0]LogConfig: Setting CVar [[s.LevelStreamingComponentsRegistrationGranularity:10]]
[2021.11.23-15.23.12:393][  0]LogConfig: Setting CVar [[s.UnregisterComponentsTimeLimit:1.0]]
[2021.11.23-15.23.12:393][  0]LogConfig: Setting CVar [[s.LevelStreamingComponentsUnregistrationGranularity:5]]
[2021.11.23-15.23.12:393][  0]LogConfig: Setting CVar [[s.FlushStreamingOnExit:1]]
[2021.11.23-15.23.12:393][  0]LogConfig: Applying CVar settings from Section [/Script/Engine.GarbageCollectionSettings] File [C:/Users/David/Desktop/Project-Krantz-Mura/KrantzMura_Game/Saved/Config/Windows/Engine.ini]
[2021.11.23-15.23.12:393][  0]LogConfig: Setting CVar [[gc.MaxObjectsNotConsideredByGC:1]]
[2021.11.23-15.23.12:393][  0]LogConfig: Setting CVar [[gc.SizeOfPermanentObjectPool:0]]
[2021.11.23-15.23.12:393][  0]LogConfig: Setting CVar [[gc.FlushStreamingOnGC:0]]
[2021.11.23-15.23.12:393][  0]LogConfig: Setting CVar [[gc.NumRetriesBeforeForcingGC:10]]
[2021.11.23-15.23.12:393][  0]LogConfig: Setting CVar [[gc.AllowParallelGC:1]]
[2021.11.23-15.23.12:393][  0]LogConfig: Setting CVar [[gc.TimeBetweenPurgingPendingKillObjects:61.1]]
[2021.11.23-15.23.12:394][  0]LogConfig: Setting CVar [[gc.MaxObjectsInEditor:25165824]]
[2021.11.23-15.23.12:394][  0]LogConfig: Setting CVar [[gc.IncrementalBeginDestroyEnabled:1]]
[2021.11.23-15.23.12:394][  0]LogConfig: Setting CVar [[gc.CreateGCClusters:1]]
[2021.11.23-15.23.12:394][  0]LogConfig: Setting CVar [[gc.MinGCClusterSize:5]]
[2021.11.23-15.23.12:394][  0]LogConfig: Setting CVar [[gc.ActorClusteringEnabled:0]]
[2021.11.23-15.23.12:394][  0]LogConfig: Setting CVar [[gc.BlueprintClusteringEnabled:0]]
[2021.11.23-15.23.12:394][  0]LogConfig: Setting CVar [[gc.UseDisregardForGCOnDedicatedServers:0]]
[2021.11.23-15.23.12:394][  0]LogConfig: Setting CVar [[gc.MultithreadedDestructionEnabled:1]]
[2021.11.23-15.23.12:394][  0]LogConfig: Applying CVar settings from Section [/Script/Engine.NetworkSettings] File [C:/Users/David/Desktop/Project-Krantz-Mura/KrantzMura_Game/Saved/Config/Windows/Engine.ini]
[2021.11.23-15.23.12:394][  0]LogConfig: Applying CVar settings from Section [/Script/UnrealEd.CookerSettings] File [C:/Users/David/Desktop/Project-Krantz-Mura/KrantzMura_Game/Saved/Config/Windows/Engine.ini]
[2021.11.23-15.23.12:453][  0]LogConfig: Applying CVar settings from Section [ViewDistanceQuality@3] File [C:/Users/David/Desktop/Project-Krantz-Mura/KrantzMura_Game/Saved/Config/Windows/Scalability.ini]
[2021.11.23-15.23.12:453][  0]LogConfig: Setting CVar [[r.SkeletalMeshLODBias:0]]
[2021.11.23-15.23.12:453][  0]LogConfig: Setting CVar [[r.ViewDistanceScale:1.0]]
[2021.11.23-15.23.12:453][  0]LogConfig: Applying CVar settings from Section [AntiAliasingQuality@3] File [C:/Users/David/Desktop/Project-Krantz-Mura/KrantzMura_Game/Saved/Config/Windows/Scalability.ini]
[2021.11.23-15.23.12:453][  0]LogConfig: Setting CVar [[r.PostProcessAAQuality:4]]
[2021.11.23-15.23.12:453][  0]LogConfig: Applying CVar settings from Section [ShadowQuality@3] File [C:/Users/David/Desktop/Project-Krantz-Mura/KrantzMura_Game/Saved/Config/Windows/Scalability.ini]
[2021.11.23-15.23.12:453][  0]LogConfig: Setting CVar [[r.LightFunctionQuality:1]]
[2021.11.23-15.23.12:453][  0]LogConfig: Setting CVar [[r.ShadowQuality:5]]
[2021.11.23-15.23.12:453][  0]LogConfig: Setting CVar [[r.Shadow.CSM.MaxCascades:10]]
[2021.11.23-15.23.12:453][  0]LogConfig: Setting CVar [[r.Shadow.MaxResolution:2048]]
[2021.11.23-15.23.12:453][  0]LogConfig: Setting CVar [[r.Shadow.MaxCSMResolution:2048]]
[2021.11.23-15.23.12:453][  0]LogConfig: Setting CVar [[r.Shadow.RadiusThreshold:0.01]]
[2021.11.23-15.23.12:453][  0]LogConfig: Setting CVar [[r.Shadow.DistanceScale:1.0]]
[2021.11.23-15.23.12:453][  0]LogConfig: Setting CVar [[r.Shadow.CSM.TransitionScale:1.0]]
[2021.11.23-15.23.12:453][  0]LogConfig: Setting CVar [[r.Shadow.PreShadowResolutionFactor:1.0]]
[2021.11.23-15.23.12:453][  0]LogConfig: Setting CVar [[r.DistanceFieldShadowing:1]]
[2021.11.23-15.23.12:453][  0]LogConfig: Setting CVar [[r.DistanceFieldAO:1]]
[2021.11.23-15.23.12:453][  0]LogConfig: Setting CVar [[r.AOQuality:2]]
[2021.11.23-15.23.12:453][  0]LogConfig: Setting CVar [[r.VolumetricFog:1]]
[2021.11.23-15.23.12:453][  0]LogConfig: Setting CVar [[r.VolumetricFog.GridPixelSize:8]]
[2021.11.23-15.23.12:453][  0]LogConfig: Setting CVar [[r.VolumetricFog.GridSizeZ:128]]
[2021.11.23-15.23.12:453][  0]LogConfig: Setting CVar [[r.VolumetricFog.HistoryMissSupersampleCount:4]]
[2021.11.23-15.23.12:453][  0]LogConfig: Setting CVar [[r.LightMaxDrawDistanceScale:1]]
[2021.11.23-15.23.12:453][  0]LogConfig: Setting CVar [[r.CapsuleShadows:1]]
[2021.11.23-15.23.12:453][  0]LogConfig: Applying CVar settings from Section [PostProcessQuality@3] File [C:/Users/David/Desktop/Project-Krantz-Mura/KrantzMura_Game/Saved/Config/Windows/Scalability.ini]
[2021.11.23-15.23.12:453][  0]LogConfig: Setting CVar [[r.MotionBlurQuality:4]]
[2021.11.23-15.23.12:453][  0]LogConfig: Setting CVar [[r.AmbientOcclusionMipLevelFactor:0.4]]
[2021.11.23-15.23.12:453][  0]LogConfig: Setting CVar [[r.AmbientOcclusionMaxQuality:100]]
[2021.11.23-15.23.12:453][  0]LogConfig: Setting CVar [[r.AmbientOcclusionLevels:-1]]
[2021.11.23-15.23.12:453][  0]LogConfig: Setting CVar [[r.AmbientOcclusionRadiusScale:1.0]]
[2021.11.23-15.23.12:453][  0]LogConfig: Setting CVar [[r.DepthOfFieldQuality:2]]
[2021.11.23-15.23.12:453][  0]LogConfig: Setting CVar [[r.RenderTargetPoolMin:400]]
[2021.11.23-15.23.12:453][  0]LogConfig: Setting CVar [[r.LensFlareQuality:2]]
[2021.11.23-15.23.12:453][  0]LogConfig: Setting CVar [[r.SceneColorFringeQuality:1]]
[2021.11.23-15.23.12:453][  0]LogConfig: Setting CVar [[r.EyeAdaptationQuality:2]]
[2021.11.23-15.23.12:453][  0]LogConfig: Setting CVar [[r.BloomQuality:5]]
[2021.11.23-15.23.12:453][  0]LogConfig: Setting CVar [[r.FastBlurThreshold:100]]
[2021.11.23-15.23.12:453][  0]LogConfig: Setting CVar [[r.Upscale.Quality:3]]
[2021.11.23-15.23.12:453][  0]LogConfig: Setting CVar [[r.Tonemapper.GrainQuantization:1]]
[2021.11.23-15.23.12:453][  0]LogConfig: Setting CVar [[r.LightShaftQuality:1]]
[2021.11.23-15.23.12:453][  0]LogConfig: Setting CVar [[r.Filter.SizeScale:1]]
[2021.11.23-15.23.12:454][  0]LogConfig: Setting CVar [[r.Tonemapper.Quality:5]]
[2021.11.23-15.23.12:454][  0]LogConfig: Setting CVar [[r.DOF.Gather.AccumulatorQuality:1        ; higher gathering accumulator quality]]
[2021.11.23-15.23.12:454][  0]LogConfig: Setting CVar [[r.DOF.Gather.PostfilterMethod:1          ; Median3x3 postfilering method]]
[2021.11.23-15.23.12:454][  0]LogConfig: Setting CVar [[r.DOF.Gather.EnableBokehSettings:0       ; no bokeh simulation when gathering]]
[2021.11.23-15.23.12:454][  0]LogConfig: Setting CVar [[r.DOF.Gather.RingCount:4                 ; medium number of samples when gathering]]
[2021.11.23-15.23.12:454][  0]LogConfig: Setting CVar [[r.DOF.Scatter.ForegroundCompositing:1    ; additive foreground scattering]]
[2021.11.23-15.23.12:454][  0]LogConfig: Setting CVar [[r.DOF.Scatter.BackgroundCompositing:2    ; additive background scattering]]
[2021.11.23-15.23.12:454][  0]LogConfig: Setting CVar [[r.DOF.Scatter.EnableBokehSettings:1      ; bokeh simulation when scattering]]
[2021.11.23-15.23.12:454][  0]LogConfig: Setting CVar [[r.DOF.Scatter.MaxSpriteRatio:0.1         ; only a maximum of 10% of scattered bokeh]]
[2021.11.23-15.23.12:454][  0]LogConfig: Setting CVar [[r.DOF.Recombine.Quality:1                ; cheap slight out of focus]]
[2021.11.23-15.23.12:454][  0]LogConfig: Setting CVar [[r.DOF.Recombine.EnableBokehSettings:0    ; no bokeh simulation on slight out of focus]]
[2021.11.23-15.23.12:454][  0]LogConfig: Setting CVar [[r.DOF.TemporalAAQuality:1                ; more stable temporal accumulation]]
[2021.11.23-15.23.12:454][  0]LogConfig: Setting CVar [[r.DOF.Kernel.MaxForegroundRadius:0.025]]
[2021.11.23-15.23.12:454][  0]LogConfig: Setting CVar [[r.DOF.Kernel.MaxBackgroundRadius:0.025]]
[2021.11.23-15.23.12:454][  0]LogConfig: Applying CVar settings from Section [TextureQuality@3] File [C:/Users/David/Desktop/Project-Krantz-Mura/KrantzMura_Game/Saved/Config/Windows/Scalability.ini]
[2021.11.23-15.23.12:454][  0]LogConfig: Setting CVar [[r.Streaming.MipBias:0]]
[2021.11.23-15.23.12:454][  0]LogConfig: Setting CVar [[r.Streaming.AmortizeCPUToGPUCopy:0]]
[2021.11.23-15.23.12:454][  0]LogConfig: Setting CVar [[r.Streaming.MaxNumTexturesToStreamPerFrame:0]]
[2021.11.23-15.23.12:454][  0]LogConfig: Setting CVar [[r.Streaming.Boost:1]]
[2021.11.23-15.23.12:454][  0]LogConfig: Setting CVar [[r.MaxAnisotropy:8]]
[2021.11.23-15.23.12:454][  0]LogConfig: Setting CVar [[r.VT.MaxAnisotropy:8]]
[2021.11.23-15.23.12:454][  0]LogConfig: Setting CVar [[r.Streaming.LimitPoolSizeToVRAM:0]]
[2021.11.23-15.23.12:454][  0]LogConfig: Setting CVar [[r.Streaming.PoolSize:1000]]
[2021.11.23-15.23.12:454][  0]LogConfig: Setting CVar [[r.Streaming.MaxEffectiveScreenSize:0]]
[2021.11.23-15.23.12:454][  0]LogConfig: Applying CVar settings from Section [EffectsQuality@3] File [C:/Users/David/Desktop/Project-Krantz-Mura/KrantzMura_Game/Saved/Config/Windows/Scalability.ini]
[2021.11.23-15.23.12:454][  0]LogConfig: Setting CVar [[r.TranslucencyLightingVolumeDim:64]]
[2021.11.23-15.23.12:454][  0]LogConfig: Setting CVar [[r.RefractionQuality:2]]
[2021.11.23-15.23.12:454][  0]LogConfig: Setting CVar [[r.SSR.Quality:3]]
[2021.11.23-15.23.12:454][  0]LogConfig: Setting CVar [[r.SSR.HalfResSceneColor:0]]
[2021.11.23-15.23.12:454][  0]LogConfig: Setting CVar [[r.SceneColorFormat:4]]
[2021.11.23-15.23.12:454][  0]LogConfig: Setting CVar [[r.DetailMode:2]]
[2021.11.23-15.23.12:454][  0]LogConfig: Setting CVar [[r.TranslucencyVolumeBlur:1]]
[2021.11.23-15.23.12:454][  0]LogConfig: Setting CVar [[r.MaterialQualityLevel:1 ; High quality]]
[2021.11.23-15.23.12:454][  0]LogConfig: Setting CVar [[r.AnisotropicMaterials:1]]
[2021.11.23-15.23.12:454][  0]LogConfig: Setting CVar [[r.SSS.Scale:1]]
[2021.11.23-15.23.12:454][  0]LogConfig: Setting CVar [[r.SSS.SampleSet:2]]
[2021.11.23-15.23.12:454][  0]LogConfig: Setting CVar [[r.SSS.Quality:1]]
[2021.11.23-15.23.12:454][  0]LogConfig: Setting CVar [[r.SSS.HalfRes:0]]
[2021.11.23-15.23.12:454][  0]LogConfig: Setting CVar [[r.SSGI.Quality:3]]
[2021.11.23-15.23.12:454][  0]LogConfig: Setting CVar [[r.EmitterSpawnRateScale:1.0]]
[2021.11.23-15.23.12:454][  0]LogConfig: Setting CVar [[r.ParticleLightQuality:2]]
[2021.11.23-15.23.12:454][  0]LogConfig: Setting CVar [[r.SkyAtmosphere.AerialPerspectiveLUT.FastApplyOnOpaque:1 ; Always have FastSkyLUT 1 in this case to avoid wrong sky]]
[2021.11.23-15.23.12:454][  0]LogConfig: Setting CVar [[r.SkyAtmosphere.AerialPerspectiveLUT.SampleCountMaxPerSlice:4]]
[2021.11.23-15.23.12:454][  0]LogConfig: Setting CVar [[r.SkyAtmosphere.AerialPerspectiveLUT.DepthResolution:16.0]]
[2021.11.23-15.23.12:454][  0]LogConfig: Setting CVar [[r.SkyAtmosphere.FastSkyLUT:1]]
[2021.11.23-15.23.12:454][  0]LogConfig: Setting CVar [[r.SkyAtmosphere.FastSkyLUT.SampleCountMin:4.0]]
[2021.11.23-15.23.12:454][  0]LogConfig: Setting CVar [[r.SkyAtmosphere.FastSkyLUT.SampleCountMax:128.0]]
[2021.11.23-15.23.12:454][  0]LogConfig: Setting CVar [[r.SkyAtmosphere.SampleCountMin:4.0]]
[2021.11.23-15.23.12:454][  0]LogConfig: Setting CVar [[r.SkyAtmosphere.SampleCountMax:128.0]]
[2021.11.23-15.23.12:454][  0]LogConfig: Setting CVar [[r.SkyAtmosphere.TransmittanceLUT.UseSmallFormat:0]]
[2021.11.23-15.23.12:454][  0]LogConfig: Setting CVar [[r.SkyAtmosphere.TransmittanceLUT.SampleCount:10.0]]
[2021.11.23-15.23.12:454][  0]LogConfig: Setting CVar [[r.SkyAtmosphere.MultiScatteringLUT.SampleCount:15.0]]
[2021.11.23-15.23.12:454][  0]LogConfig: Setting CVar [[r.SkyLight.RealTimeReflectionCapture:1]]
[2021.11.23-15.23.12:454][  0]LogConfig: Applying CVar settings from Section [FoliageQuality@3] File [C:/Users/David/Desktop/Project-Krantz-Mura/KrantzMura_Game/Saved/Config/Windows/Scalability.ini]
[2021.11.23-15.23.12:454][  0]LogConfig: Setting CVar [[foliage.DensityScale:1.0]]
[2021.11.23-15.23.12:454][  0]LogConfig: Setting CVar [[grass.DensityScale:1.0]]
[2021.11.23-15.23.12:454][  0]LogConfig: Applying CVar settings from Section [ShadingQuality@3] File [C:/Users/David/Desktop/Project-Krantz-Mura/KrantzMura_Game/Saved/Config/Windows/Scalability.ini]
[2021.11.23-15.23.12:454][  0]LogConfig: Setting CVar [[r.HairStrands.SkyLighting.IntegrationType:2]]
[2021.11.23-15.23.12:454][  0]LogConfig: Setting CVar [[r.HairStrands.SkyAO.SampleCount:4]]
[2021.11.23-15.23.12:454][  0]LogConfig: Setting CVar [[r.HairStrands.Visibility.MSAA.SamplePerPixel:4]]
[2021.11.23-15.23.12:454][  0]LogInit: Selected Device Profile: [Windows]
[2021.11.23-15.23.12:454][  0]LogInit: Applying CVar settings loaded from the selected device profile: [Windows]
[2021.11.23-15.23.12:455][  0]LogHAL: Display: Platform has ~ 24 GB [25727860736 / 34359738368 / 24], which maps to Larger [LargestMinGB=32, LargerMinGB=12, DefaultMinGB=8, SmallerMinGB=6, SmallestMinGB=0)
[2021.11.23-15.23.12:455][  0]LogInit: Going up to parent DeviceProfile []
[2021.11.23-15.23.12:455][  0]LogConfig: Applying CVar settings from Section [ViewDistanceQuality@3] File [C:/Users/David/Desktop/Project-Krantz-Mura/KrantzMura_Game/Saved/Config/Windows/Scalability.ini]
[2021.11.23-15.23.12:455][  0]LogConfig: Setting CVar [[r.SkeletalMeshLODBias:0]]
[2021.11.23-15.23.12:455][  0]LogConfig: Setting CVar [[r.ViewDistanceScale:1.0]]
[2021.11.23-15.23.12:455][  0]LogConfig: Applying CVar settings from Section [AntiAliasingQuality@3] File [C:/Users/David/Desktop/Project-Krantz-Mura/KrantzMura_Game/Saved/Config/Windows/Scalability.ini]
[2021.11.23-15.23.12:455][  0]LogConfig: Setting CVar [[r.PostProcessAAQuality:4]]
[2021.11.23-15.23.12:455][  0]LogConfig: Applying CVar settings from Section [ShadowQuality@3] File [C:/Users/David/Desktop/Project-Krantz-Mura/KrantzMura_Game/Saved/Config/Windows/Scalability.ini]
[2021.11.23-15.23.12:455][  0]LogConfig: Setting CVar [[r.LightFunctionQuality:1]]
[2021.11.23-15.23.12:455][  0]LogConfig: Setting CVar [[r.ShadowQuality:5]]
[2021.11.23-15.23.12:455][  0]LogConfig: Setting CVar [[r.Shadow.CSM.MaxCascades:10]]
[2021.11.23-15.23.12:455][  0]LogConfig: Setting CVar [[r.Shadow.MaxResolution:2048]]
[2021.11.23-15.23.12:455][  0]LogConfig: Setting CVar [[r.Shadow.MaxCSMResolution:2048]]
[2021.11.23-15.23.12:455][  0]LogConfig: Setting CVar [[r.Shadow.RadiusThreshold:0.01]]
[2021.11.23-15.23.12:455][  0]LogConfig: Setting CVar [[r.Shadow.DistanceScale:1.0]]
[2021.11.23-15.23.12:455][  0]LogConfig: Setting CVar [[r.Shadow.CSM.TransitionScale:1.0]]
[2021.11.23-15.23.12:455][  0]LogConfig: Setting CVar [[r.Shadow.PreShadowResolutionFactor:1.0]]
[2021.11.23-15.23.12:455][  0]LogConfig: Setting CVar [[r.DistanceFieldShadowing:1]]
[2021.11.23-15.23.12:455][  0]LogConfig: Setting CVar [[r.DistanceFieldAO:1]]
[2021.11.23-15.23.12:455][  0]LogConfig: Setting CVar [[r.AOQuality:2]]
[2021.11.23-15.23.12:455][  0]LogConfig: Setting CVar [[r.VolumetricFog:1]]
[2021.11.23-15.23.12:455][  0]LogConfig: Setting CVar [[r.VolumetricFog.GridPixelSize:8]]
[2021.11.23-15.23.12:455][  0]LogConfig: Setting CVar [[r.VolumetricFog.GridSizeZ:128]]
[2021.11.23-15.23.12:455][  0]LogConfig: Setting CVar [[r.VolumetricFog.HistoryMissSupersampleCount:4]]
[2021.11.23-15.23.12:455][  0]LogConfig: Setting CVar [[r.LightMaxDrawDistanceScale:1]]
[2021.11.23-15.23.12:455][  0]LogConfig: Setting CVar [[r.CapsuleShadows:1]]
[2021.11.23-15.23.12:455][  0]LogConfig: Applying CVar settings from Section [PostProcessQuality@3] File [C:/Users/David/Desktop/Project-Krantz-Mura/KrantzMura_Game/Saved/Config/Windows/Scalability.ini]
[2021.11.23-15.23.12:455][  0]LogConfig: Setting CVar [[r.MotionBlurQuality:4]]
[2021.11.23-15.23.12:455][  0]LogConfig: Setting CVar [[r.AmbientOcclusionMipLevelFactor:0.4]]
[2021.11.23-15.23.12:455][  0]LogConfig: Setting CVar [[r.AmbientOcclusionMaxQuality:100]]
[2021.11.23-15.23.12:455][  0]LogConfig: Setting CVar [[r.AmbientOcclusionLevels:-1]]
[2021.11.23-15.23.12:455][  0]LogConfig: Setting CVar [[r.AmbientOcclusionRadiusScale:1.0]]
[2021.11.23-15.23.12:455][  0]LogConfig: Setting CVar [[r.DepthOfFieldQuality:2]]
[2021.11.23-15.23.12:455][  0]LogConfig: Setting CVar [[r.RenderTargetPoolMin:400]]
[2021.11.23-15.23.12:455][  0]LogConfig: Setting CVar [[r.LensFlareQuality:2]]
[2021.11.23-15.23.12:455][  0]LogConfig: Setting CVar [[r.SceneColorFringeQuality:1]]
[2021.11.23-15.23.12:455][  0]LogConfig: Setting CVar [[r.EyeAdaptationQuality:2]]
[2021.11.23-15.23.12:455][  0]LogConfig: Setting CVar [[r.BloomQuality:5]]
[2021.11.23-15.23.12:455][  0]LogConfig: Setting CVar [[r.FastBlurThreshold:100]]
[2021.11.23-15.23.12:455][  0]LogConfig: Setting CVar [[r.Upscale.Quality:3]]
[2021.11.23-15.23.12:455][  0]LogConfig: Setting CVar [[r.Tonemapper.GrainQuantization:1]]
[2021.11.23-15.23.12:455][  0]LogConfig: Setting CVar [[r.LightShaftQuality:1]]
[2021.11.23-15.23.12:455][  0]LogConfig: Setting CVar [[r.Filter.SizeScale:1]]
[2021.11.23-15.23.12:455][  0]LogConfig: Setting CVar [[r.Tonemapper.Quality:5]]
[2021.11.23-15.23.12:455][  0]LogConfig: Setting CVar [[r.DOF.Gather.AccumulatorQuality:1        ; higher gathering accumulator quality]]
[2021.11.23-15.23.12:455][  0]LogConfig: Setting CVar [[r.DOF.Gather.PostfilterMethod:1          ; Median3x3 postfilering method]]
[2021.11.23-15.23.12:455][  0]LogConfig: Setting CVar [[r.DOF.Gather.EnableBokehSettings:0       ; no bokeh simulation when gathering]]
[2021.11.23-15.23.12:455][  0]LogConfig: Setting CVar [[r.DOF.Gather.RingCount:4                 ; medium number of samples when gathering]]
[2021.11.23-15.23.12:455][  0]LogConfig: Setting CVar [[r.DOF.Scatter.ForegroundCompositing:1    ; additive foreground scattering]]
[2021.11.23-15.23.12:455][  0]LogConfig: Setting CVar [[r.DOF.Scatter.BackgroundCompositing:2    ; additive background scattering]]
[2021.11.23-15.23.12:455][  0]LogConfig: Setting CVar [[r.DOF.Scatter.EnableBokehSettings:1      ; bokeh simulation when scattering]]
[2021.11.23-15.23.12:455][  0]LogConfig: Setting CVar [[r.DOF.Scatter.MaxSpriteRatio:0.1         ; only a maximum of 10% of scattered bokeh]]
[2021.11.23-15.23.12:455][  0]LogConfig: Setting CVar [[r.DOF.Recombine.Quality:1                ; cheap slight out of focus]]
[2021.11.23-15.23.12:455][  0]LogConfig: Setting CVar [[r.DOF.Recombine.EnableBokehSettings:0    ; no bokeh simulation on slight out of focus]]
[2021.11.23-15.23.12:455][  0]LogConfig: Setting CVar [[r.DOF.TemporalAAQuality:1                ; more stable temporal accumulation]]
[2021.11.23-15.23.12:455][  0]LogConfig: Setting CVar [[r.DOF.Kernel.MaxForegroundRadius:0.025]]
[2021.11.23-15.23.12:455][  0]LogConfig: Setting CVar [[r.DOF.Kernel.MaxBackgroundRadius:0.025]]
[2021.11.23-15.23.12:455][  0]LogConfig: Applying CVar settings from Section [TextureQuality@3] File [C:/Users/David/Desktop/Project-Krantz-Mura/KrantzMura_Game/Saved/Config/Windows/Scalability.ini]
[2021.11.23-15.23.12:456][  0]LogConfig: Setting CVar [[r.Streaming.MipBias:0]]
[2021.11.23-15.23.12:456][  0]LogConfig: Setting CVar [[r.Streaming.AmortizeCPUToGPUCopy:0]]
[2021.11.23-15.23.12:456][  0]LogConfig: Setting CVar [[r.Streaming.MaxNumTexturesToStreamPerFrame:0]]
[2021.11.23-15.23.12:456][  0]LogConfig: Setting CVar [[r.Streaming.Boost:1]]
[2021.11.23-15.23.12:456][  0]LogConfig: Setting CVar [[r.MaxAnisotropy:8]]
[2021.11.23-15.23.12:456][  0]LogConfig: Setting CVar [[r.VT.MaxAnisotropy:8]]
[2021.11.23-15.23.12:456][  0]LogConfig: Setting CVar [[r.Streaming.LimitPoolSizeToVRAM:0]]
[2021.11.23-15.23.12:456][  0]LogConfig: Setting CVar [[r.Streaming.PoolSize:1000]]
[2021.11.23-15.23.12:456][  0]LogConfig: Setting CVar [[r.Streaming.MaxEffectiveScreenSize:0]]
[2021.11.23-15.23.12:456][  0]LogConfig: Applying CVar settings from Section [EffectsQuality@3] File [C:/Users/David/Desktop/Project-Krantz-Mura/KrantzMura_Game/Saved/Config/Windows/Scalability.ini]
[2021.11.23-15.23.12:456][  0]LogConfig: Setting CVar [[r.TranslucencyLightingVolumeDim:64]]
[2021.11.23-15.23.12:456][  0]LogConfig: Setting CVar [[r.RefractionQuality:2]]
[2021.11.23-15.23.12:456][  0]LogConfig: Setting CVar [[r.SSR.Quality:3]]
[2021.11.23-15.23.12:456][  0]LogConfig: Setting CVar [[r.SSR.HalfResSceneColor:0]]
[2021.11.23-15.23.12:456][  0]LogConfig: Setting CVar [[r.SceneColorFormat:4]]
[2021.11.23-15.23.12:456][  0]LogConfig: Setting CVar [[r.DetailMode:2]]
[2021.11.23-15.23.12:456][  0]LogConfig: Setting CVar [[r.TranslucencyVolumeBlur:1]]
[2021.11.23-15.23.12:456][  0]LogConfig: Setting CVar [[r.MaterialQualityLevel:1 ; High quality]]
[2021.11.23-15.23.12:456][  0]LogConfig: Setting CVar [[r.AnisotropicMaterials:1]]
[2021.11.23-15.23.12:456][  0]LogConfig: Setting CVar [[r.SSS.Scale:1]]
[2021.11.23-15.23.12:456][  0]LogConfig: Setting CVar [[r.SSS.SampleSet:2]]
[2021.11.23-15.23.12:456][  0]LogConfig: Setting CVar [[r.SSS.Quality:1]]
[2021.11.23-15.23.12:456][  0]LogConfig: Setting CVar [[r.SSS.HalfRes:0]]
[2021.11.23-15.23.12:456][  0]LogConfig: Setting CVar [[r.SSGI.Quality:3]]
[2021.11.23-15.23.12:456][  0]LogConfig: Setting CVar [[r.EmitterSpawnRateScale:1.0]]
[2021.11.23-15.23.12:456][  0]LogConfig: Setting CVar [[r.ParticleLightQuality:2]]
[2021.11.23-15.23.12:456][  0]LogConfig: Setting CVar [[r.SkyAtmosphere.AerialPerspectiveLUT.FastApplyOnOpaque:1 ; Always have FastSkyLUT 1 in this case to avoid wrong sky]]
[2021.11.23-15.23.12:456][  0]LogConfig: Setting CVar [[r.SkyAtmosphere.AerialPerspectiveLUT.SampleCountMaxPerSlice:4]]
[2021.11.23-15.23.12:456][  0]LogConfig: Setting CVar [[r.SkyAtmosphere.AerialPerspectiveLUT.DepthResolution:16.0]]
[2021.11.23-15.23.12:456][  0]LogConfig: Setting CVar [[r.SkyAtmosphere.FastSkyLUT:1]]
[2021.11.23-15.23.12:456][  0]LogConfig: Setting CVar [[r.SkyAtmosphere.FastSkyLUT.SampleCountMin:4.0]]
[2021.11.23-15.23.12:456][  0]LogConfig: Setting CVar [[r.SkyAtmosphere.FastSkyLUT.SampleCountMax:128.0]]
[2021.11.23-15.23.12:456][  0]LogConfig: Setting CVar [[r.SkyAtmosphere.SampleCountMin:4.0]]
[2021.11.23-15.23.12:456][  0]LogConfig: Setting CVar [[r.SkyAtmosphere.SampleCountMax:128.0]]
[2021.11.23-15.23.12:456][  0]LogConfig: Setting CVar [[r.SkyAtmosphere.TransmittanceLUT.UseSmallFormat:0]]
[2021.11.23-15.23.12:456][  0]LogConfig: Setting CVar [[r.SkyAtmosphere.TransmittanceLUT.SampleCount:10.0]]
[2021.11.23-15.23.12:456][  0]LogConfig: Setting CVar [[r.SkyAtmosphere.MultiScatteringLUT.SampleCount:15.0]]
[2021.11.23-15.23.12:456][  0]LogConfig: Setting CVar [[r.SkyLight.RealTimeReflectionCapture:1]]
[2021.11.23-15.23.12:456][  0]LogConfig: Applying CVar settings from Section [FoliageQuality@3] File [C:/Users/David/Desktop/Project-Krantz-Mura/KrantzMura_Game/Saved/Config/Windows/Scalability.ini]
[2021.11.23-15.23.12:456][  0]LogConfig: Setting CVar [[foliage.DensityScale:1.0]]
[2021.11.23-15.23.12:456][  0]LogConfig: Setting CVar [[grass.DensityScale:1.0]]
[2021.11.23-15.23.12:456][  0]LogConfig: Applying CVar settings from Section [ShadingQuality@3] File [C:/Users/David/Desktop/Project-Krantz-Mura/KrantzMura_Game/Saved/Config/Windows/Scalability.ini]
[2021.11.23-15.23.12:456][  0]LogConfig: Setting CVar [[r.HairStrands.SkyLighting.IntegrationType:2]]
[2021.11.23-15.23.12:456][  0]LogConfig: Setting CVar [[r.HairStrands.SkyAO.SampleCount:4]]
[2021.11.23-15.23.12:456][  0]LogConfig: Setting CVar [[r.HairStrands.Visibility.MSAA.SamplePerPixel:4]]
[2021.11.23-15.23.12:456][  0]LogConfig: Applying CVar settings from Section [Startup] File [../../../Engine/Config/ConsoleVariables.ini]
[2021.11.23-15.23.12:457][  0]LogConfig: Setting CVar [[net.UseAdaptiveNetUpdateFrequency:0]]
[2021.11.23-15.23.12:457][  0]LogConfig: Setting CVar [[p.chaos.AllowCreatePhysxBodies:1]]
[2021.11.23-15.23.12:457][  0]LogConfig: Setting CVar [[fx.SkipVectorVMBackendOptimizations:1]]
[2021.11.23-15.23.12:457][  0]LogConfig: Applying CVar settings from Section [ConsoleVariables] File [C:/Users/David/Desktop/Project-Krantz-Mura/KrantzMura_Game/Saved/Config/Windows/Engine.ini]
[2021.11.23-15.23.12:457][  0]LogConfig: Applying CVar settings from Section [ConsoleVariables] File [C:/Users/David/Desktop/Project-Krantz-Mura/KrantzMura_Game/Saved/Config/Windows/Editor.ini]
[2021.11.23-15.23.12:457][  0]LogInit: Computer: DESKTOP-0VVSSCV
[2021.11.23-15.23.12:457][  0]LogInit: User: David
[2021.11.23-15.23.12:457][  0]LogInit: CPU Page size=4096, Cores=4
[2021.11.23-15.23.12:457][  0]LogInit: High frequency timer resolution =10.000000 MHz
[2021.11.23-15.23.12:457][  0]LogMemory: Memory total: Physical=24.0GB (24GB approx)
[2021.11.23-15.23.12:457][  0]LogMemory: Platform Memory Stats for Windows
[2021.11.23-15.23.12:457][  0]LogMemory: Process Physical Memory: 139.78 MB used, 139.78 MB peak
[2021.11.23-15.23.12:457][  0]LogMemory: Process Virtual Memory: 113.47 MB used, 113.47 MB peak
[2021.11.23-15.23.12:457][  0]LogMemory: Physical Memory: 10644.33 MB used,  13891.67 MB free, 24536.00 MB total
[2021.11.23-15.23.12:457][  0]LogMemory: Virtual Memory: 134199872.00 MB used,  17857.68 MB free, 134217728.00 MB total
[2021.11.23-15.23.12:464][  0]LogWindows: WindowsPlatformFeatures enabled
[2021.11.23-15.23.12:521][  0]LogInit: Physics initialised using underlying interface: PhysX
[2021.11.23-15.23.12:522][  0]LogInit: Using OS detected language (en-GB).
[2021.11.23-15.23.12:522][  0]LogInit: Using OS detected locale (en-IE).
[2021.11.23-15.23.12:524][  0]LogTextLocalizationManager: No specific localization for 'en-GB' exists, so the 'en' localization will be used.
[2021.11.23-15.23.12:748][  0]LogInit: Setting process to per monitor DPI aware
[2021.11.23-15.23.12:762][  0]LogWindowsTextInputMethodSystem: Display: IME system deactivated.
[2021.11.23-15.23.12:779][  0]LogSlate: New Slate User Created.  User Index 0, Is Virtual User: 0
[2021.11.23-15.23.12:779][  0]LogSlate: Slate User Registered.  User Index 0, Is Virtual User: 0
[2021.11.23-15.23.12:915][  0]LogD3D11RHI: Loaded GFSDK_Aftermath_Lib.x64.dll
[2021.11.23-15.23.12:920][  0]LogHMD: Failed to initialize OpenVR with code 110
[2021.11.23-15.23.12:920][  0]LogD3D11RHI: D3D11 min allowed feature level: 11_0
[2021.11.23-15.23.12:920][  0]LogD3D11RHI: D3D11 max allowed feature level: 11_0
[2021.11.23-15.23.12:920][  0]LogD3D11RHI: D3D11 adapters:
[2021.11.23-15.23.13:031][  0]LogD3D11RHI:    0. 'NVIDIA GeForce GTX 1070' (Feature Level 11_0)
[2021.11.23-15.23.13:031][  0]LogD3D11RHI:       8088/0/12268 MB DedicatedVideo/DedicatedSystem/SharedSystem, Outputs:2, VendorId:0x10de
[2021.11.23-15.23.13:034][  0]LogD3D11RHI:    1. 'Microsoft Basic Render Driver' (Feature Level 11_0)
[2021.11.23-15.23.13:034][  0]LogD3D11RHI:       0/0/12268 MB DedicatedVideo/DedicatedSystem/SharedSystem, Outputs:0, VendorId:0x1414
[2021.11.23-15.23.13:034][  0]LogD3D11RHI: Chosen D3D11 Adapter:
[2021.11.23-15.23.13:034][  0]LogD3D11RHI:     Description : NVIDIA GeForce GTX 1070
[2021.11.23-15.23.13:034][  0]LogD3D11RHI:     VendorId    : 10de
[2021.11.23-15.23.13:034][  0]LogD3D11RHI:     DeviceId    : 1b81
[2021.11.23-15.23.13:034][  0]LogD3D11RHI:     SubSysId    : 37011458
[2021.11.23-15.23.13:034][  0]LogD3D11RHI:     Revision    : 00a1
[2021.11.23-15.23.13:034][  0]LogD3D11RHI:     DedicatedVideoMemory : 8480882688 bytes
[2021.11.23-15.23.13:034][  0]LogD3D11RHI:     DedicatedSystemMemory : 0 bytes
[2021.11.23-15.23.13:034][  0]LogD3D11RHI:     SharedSystemMemory : 12863930368 bytes
[2021.11.23-15.23.13:034][  0]LogD3D11RHI:     AdapterLuid : 0 44017
[2021.11.23-15.23.13:040][  0]LogD3D11RHI: Creating new Direct3DDevice
[2021.11.23-15.23.13:041][  0]LogD3D11RHI:     GPU DeviceId: 0x1b81 (for the marketing name, search the web for "GPU Device Id")
[2021.11.23-15.23.13:041][  0]LogWindows: EnumDisplayDevices:
[2021.11.23-15.23.13:041][  0]LogWindows:    0. 'NVIDIA GeForce GTX 1070' (P:1 D:1)
[2021.11.23-15.23.13:041][  0]LogWindows:    1. 'NVIDIA GeForce GTX 1070' (P:0 D:1)
[2021.11.23-15.23.13:041][  0]LogWindows:    2. 'NVIDIA GeForce GTX 1070' (P:0 D:0)
[2021.11.23-15.23.13:042][  0]LogWindows:    3. 'NVIDIA GeForce GTX 1070' (P:0 D:0)
[2021.11.23-15.23.13:042][  0]LogWindows: DebugString: FoundDriverCount:4 
[2021.11.23-15.23.13:042][  0]LogD3D11RHI:     Adapter Name: NVIDIA GeForce GTX 1070
[2021.11.23-15.23.13:042][  0]LogD3D11RHI:   Driver Version: 472.12 (internal:30.0.14.7212, unified:472.12)
[2021.11.23-15.23.13:042][  0]LogD3D11RHI:      Driver Date: 9-13-2021
[2021.11.23-15.23.13:042][  0]LogRHI: Texture pool is 5661 MB (70% of 8088 MB)
[2021.11.23-15.23.13:042][  0]LogD3D11RHI: Creating D3DDevice using adapter:
[2021.11.23-15.23.13:042][  0]LogD3D11RHI:     Description : NVIDIA GeForce GTX 1070
[2021.11.23-15.23.13:042][  0]LogD3D11RHI:     VendorId    : 10de
[2021.11.23-15.23.13:042][  0]LogD3D11RHI:     DeviceId    : 1b81
[2021.11.23-15.23.13:042][  0]LogD3D11RHI:     SubSysId    : 37011458
[2021.11.23-15.23.13:042][  0]LogD3D11RHI:     Revision    : 00a1
[2021.11.23-15.23.13:042][  0]LogD3D11RHI:     DedicatedVideoMemory : 8480882688 bytes
[2021.11.23-15.23.13:042][  0]LogD3D11RHI:     DedicatedSystemMemory : 0 bytes
[2021.11.23-15.23.13:042][  0]LogD3D11RHI:     SharedSystemMemory : 12863930368 bytes
[2021.11.23-15.23.13:042][  0]LogD3D11RHI:     AdapterLuid : 0 44017
[2021.11.23-15.23.13:129][  0]LogD3D11RHI: RHI has support for 64 bit atomics
[2021.11.23-15.23.13:129][  0]LogD3D11RHI: Async texture creation enabled
[2021.11.23-15.23.13:129][  0]LogD3D11RHI: Array index from any shader is supported
[2021.11.23-15.23.13:150][  0]LogD3D11RHI: GPU Timing Frequency: 1000.000000 (Debug: 2 1)
[2021.11.23-15.23.13:207][  0]LogRHI: GeForceNow SDK initialized: 1
[2021.11.23-15.23.13:573][  0]LogTargetPlatformManager: Display: Loaded TargetPlatform 'AllDesktop'
[2021.11.23-15.23.13:596][  0]LogTargetPlatformManager: Display: Loaded TargetPlatform 'Android'
[2021.11.23-15.23.13:596][  0]LogTargetPlatformManager: Display: Loaded TargetPlatform 'Android_ASTC'
[2021.11.23-15.23.13:596][  0]LogTargetPlatformManager: Display: Loaded TargetPlatform 'Android_DXT'
[2021.11.23-15.23.13:596][  0]LogTargetPlatformManager: Display: Loaded TargetPlatform 'Android_ETC2'
[2021.11.23-15.23.13:596][  0]LogTargetPlatformManager: Display: Loaded TargetPlatform 'AndroidClient'
[2021.11.23-15.23.13:596][  0]LogTargetPlatformManager: Display: Loaded TargetPlatform 'Android_ASTCClient'
[2021.11.23-15.23.13:596][  0]LogTargetPlatformManager: Display: Loaded TargetPlatform 'Android_DXTClient'
[2021.11.23-15.23.13:596][  0]LogTargetPlatformManager: Display: Loaded TargetPlatform 'Android_ETC2Client'
[2021.11.23-15.23.13:596][  0]LogTargetPlatformManager: Display: Loaded TargetPlatform 'Android_Multi'
[2021.11.23-15.23.13:596][  0]LogTargetPlatformManager: Display: Loaded TargetPlatform 'Android_MultiClient'
[2021.11.23-15.23.13:614][  0]LogTargetPlatformManager: Display: Loaded TargetPlatform 'IOSClient'
[2021.11.23-15.23.13:614][  0]LogTargetPlatformManager: Display: Loaded TargetPlatform 'IOS'
[2021.11.23-15.23.13:624][  0]LogTargetPlatformManager: Display: Loaded TargetPlatform 'Linux'
[2021.11.23-15.23.13:628][  0]LogTargetPlatformManager: Display: Loaded TargetPlatform 'LinuxNoEditor'
[2021.11.23-15.23.13:632][  0]LogTargetPlatformManager: Display: Loaded TargetPlatform 'LinuxClient'
[2021.11.23-15.23.13:637][  0]LogTargetPlatformManager: Display: Loaded TargetPlatform 'LinuxServer'
[2021.11.23-15.23.13:647][  0]LogTargetPlatformManager: Display: Loaded TargetPlatform 'LinuxAArch64NoEditor'
[2021.11.23-15.23.13:651][  0]LogTargetPlatformManager: Display: Loaded TargetPlatform 'LinuxAArch64Client'
[2021.11.23-15.23.13:656][  0]LogTargetPlatformManager: Display: Loaded TargetPlatform 'LinuxAArch64Server'
[2021.11.23-15.23.13:680][  0]LogTargetPlatformManager: Display: Loaded TargetPlatform 'Lumin'
[2021.11.23-15.23.13:680][  0]LogTargetPlatformManager: Display: Loaded TargetPlatform 'LuminClient'
[2021.11.23-15.23.13:690][  0]LogTargetPlatformManager: Display: Loaded TargetPlatform 'MacNoEditor'
[2021.11.23-15.23.13:695][  0]LogTargetPlatformManager: Display: Loaded TargetPlatform 'Mac'
[2021.11.23-15.23.13:700][  0]LogTargetPlatformManager: Display: Loaded TargetPlatform 'MacClient'
[2021.11.23-15.23.13:704][  0]LogTargetPlatformManager: Display: Loaded TargetPlatform 'MacServer'
[2021.11.23-15.23.13:715][  0]LogTargetPlatformManager: Display: Loaded TargetPlatform 'TVOSClient'
[2021.11.23-15.23.13:715][  0]LogTargetPlatformManager: Display: Loaded TargetPlatform 'TVOS'
[2021.11.23-15.23.13:724][  0]LogTargetPlatformManager: Display: Loaded TargetPlatform 'WindowsNoEditor'
[2021.11.23-15.23.13:728][  0]LogTargetPlatformManager: Display: Loaded TargetPlatform 'Windows'
[2021.11.23-15.23.13:733][  0]LogTargetPlatformManager: Display: Loaded TargetPlatform 'WindowsClient'
[2021.11.23-15.23.13:738][  0]LogTargetPlatformManager: Display: Loaded TargetPlatform 'WindowsServer'
[2021.11.23-15.23.13:738][  0]LogTargetPlatformManager: Display: Building Assets For Windows
[2021.11.23-15.23.13:747][  0]LogAudioDebug: Display: Lib vorbis DLL was dynamically loaded.
[2021.11.23-15.23.13:780][  0]LogTextureFormatOodle: Display: Oodle Texture 2.9.0 init RDO Off
[2021.11.23-15.23.13:814][  0]LogRendererCore: Ray tracing is disabled. Reason: r.RayTracing=0.
[2021.11.23-15.23.13:814][  0]LogShaderCompilers: Guid format shader working directory is -12 characters bigger than the processId version (C:/Users/David/Desktop/Project-Krantz-Mura/KrantzMura_Game/Intermediate/Shaders/WorkingDirectory/7356/).
[2021.11.23-15.23.13:814][  0]LogShaderCompilers: Cleaned the shader compiler working directory 'C:/Users/David/AppData/Local/Temp/UnrealShaderWorkingDir/EF4552B6443164AC4B18B38EF32A3868/'.
[2021.11.23-15.23.13:814][  0]LogXGEController: Cannot use XGE Controller as Incredibuild is not installed on this machine.
[2021.11.23-15.23.13:814][  0]LogShaderCompilers: Cannot use XGE Shader Compiler as Incredibuild is not installed on this machine.
[2021.11.23-15.23.13:814][  0]LogShaderCompilers: Display: Using Local Shader Compiler.
[2021.11.23-15.23.14:626][  0]LogDerivedDataCache: Display: Max Cache Size: 512 MB
[2021.11.23-15.23.14:691][  0]LogDerivedDataCache: Loaded boot cache 0.06s 94MB C:/Users/David/AppData/Local/UnrealEngine/4.27/DerivedDataCache/Boot.ddc.
[2021.11.23-15.23.14:691][  0]LogDerivedDataCache: Display: Loaded Boot cache: C:/Users/David/AppData/Local/UnrealEngine/4.27/DerivedDataCache/Boot.ddc
[2021.11.23-15.23.14:691][  0]LogDerivedDataCache: FDerivedDataBackendGraph:  Pak pak cache file C:/Users/David/Desktop/Project-Krantz-Mura/KrantzMura_Game/DerivedDataCache/DDC.ddp not found, will not use a pak cache.
[2021.11.23-15.23.14:691][  0]LogDerivedDataCache: Unable to find inner node Pak for hierarchical cache Hierarchy.
[2021.11.23-15.23.14:691][  0]LogDerivedDataCache: FDerivedDataBackendGraph:  CompressedPak pak cache file C:/Users/David/Desktop/Project-Krantz-Mura/KrantzMura_Game/DerivedDataCache/Compressed.ddp not found, will not use a pak cache.
[2021.11.23-15.23.14:691][  0]LogDerivedDataCache: Unable to find inner node CompressedPak for hierarchical cache Hierarchy.
[2021.11.23-15.23.14:709][  0]LogDerivedDataCache: Display: Pak cache opened for reading ../../../Engine/DerivedDataCache/Compressed.ddp.
[2021.11.23-15.23.14:709][  0]LogDerivedDataCache: FDerivedDataBackendGraph:  EnterprisePak pak cache file ../../../Enterprise/DerivedDataCache/Compressed.ddp not found, will not use a pak cache.
[2021.11.23-15.23.14:709][  0]LogDerivedDataCache: Unable to find inner node EnterprisePak for hierarchical cache Hierarchy.
[2021.11.23-15.23.14:716][  0]LogDerivedDataCache: Speed tests for C:/Users/David/AppData/Local/UnrealEngine/Common/DerivedDataCache took 0.01 seconds
[2021.11.23-15.23.14:716][  0]LogDerivedDataCache: Display: Performance to C:/Users/David/AppData/Local/UnrealEngine/Common/DerivedDataCache: Latency=0.04ms. RandomReadSpeed=1119.16MBs, RandomWriteSpeed=157.28MBs. Assigned SpeedClass 'Local'
[2021.11.23-15.23.14:717][  0]LogDerivedDataCache: Using Local data cache path C:/Users/David/AppData/Local/UnrealEngine/Common/DerivedDataCache: Writable
[2021.11.23-15.23.14:717][  0]LogDerivedDataCache: Shared data cache path not found in *engine.ini, will not use an Shared cache.
[2021.11.23-15.23.14:717][  0]LogDerivedDataCache: Unable to find inner node Shared for hierarchical cache Hierarchy.
[2021.11.23-15.23.14:768][  0]LogSlate: Using FreeType 2.10.0
[2021.11.23-15.23.14:768][  0]LogSlate: SlateFontServices - WITH_FREETYPE: 1, WITH_HARFBUZZ: 1
[2021.11.23-15.23.14:796][  0]LogAssetRegistry: FAssetRegistry took 0.0028 seconds to start up
[2021.11.23-15.23.15:048][  0]LogInit: Selected Device Profile: [Windows]
[2021.11.23-15.23.15:048][  0]LogInit: Active device profile: [000001A4E2904B00][000001A4D4E50140 49] Windows
[2021.11.23-15.23.15:048][  0]LogInit: Profiles: [000001A4E2904B00][000001A4D4E50140 49] Windows, [000001A4E28AA100][000001A4D43342C0 49] WindowsNoEditor, [000001A4E2905900][000001A4D4350440 49] WindowsServer, [000001A4E28AAE00][000001A4D43545C0 49] WindowsClient, [000001A4E2907C00][000001A4D4512740 49] IOS, [000001A4E28A8F00][000001A4E30768C0 49] iPadAir, [000001A4E2907E00][000001A4D4E54A00 49] iPadAir2, [000001A4E25DCD00][000001A4E2E3EC40 49] IPadPro, [000001A4E25DCE00][000001A4E09D0C80 49] iPadAir3, [000001A4E28ABB00][000001A4E3464DC0 49] iPadAir4, [000001A4E25DF700][000001A4E2E46F40 49] iPadMini2, [000001A4E28AB100][000001A4E2E4B0C0 49] iPadMini3, [000001A4E25DF900][000001A4E2E57240 49] iPadMini4, [000001A4E28AB500][000001A4D45373C0 49] iPadMini5, [000001A4E25E4600][000001A4D4583680 49] iPhone6, [000001A4E25E4700][000001A4D45456C0 49] iPodTouch6, [000001A4E2906600][000001A4D4C99980 49] iPhone7, [000001A4E2906800][000001A4D4C459C0 49] iPodTouch7, [000001A4E25E4100][000001A4D4CBDB40 49] iPhone5S, [000001A4E25DC700][000001A4D4CC0140 49] iPhone6Plus, [000001A4E25E6500][000001A4D4CC42C0 49] iPhone6S, [000001A4E25DD400][000001A4D4CC8440 49] iPhone6SPlus, [000001A4E25E7B00][000001A4D4CCC5C0 49] iPhone7Plus, [000001A4E25DF600][000001A4D4CD0740 49] iPhoneSE, [000001A4E2906C00][000001A4E0A6A8C0 49] iPhone8, [000001A4E25DC600][000001A4E0A6EA40 49] iPhone8Plus, [000001A4E2906100][000001A4E2E42B80 49] iPhoneX, [000001A4E25DE900][000001A4DB834CC0 49] iPhoneXS, [000001A4E2907D00][000001A4DB838E00 49] iPhoneXSMax, [000001A4E25DEE00][000001A4DB83CF40 49] iPhoneXR, [000001A4E2907F00][000001A4DB8450C0 49] iPhone11, [000001A4E25DDF00][000001A4DB84D240 49] iPhone11Pro, [000001A4E2904600][000001A4DB8513C0 49] iPhone11ProMax, [000001A4E25DE000][000001A4E31AB540 49] iPhoneSE2, [000001A4E2907A00][000001A4E31AF6C0 49] iPhone12Mini, [000001A4E25DE700][000001A4E31B3840 49] iPhone12, [000001A4E2906A00][000001A4E31B79C0 49] iPhone12Pro, [000001A4E25DC500][000001A4E31BBB40 49] iPhone12ProMax, [000001A4E2907900][000001A4E31BE140 49] iPadPro105, [000001A4E25DD800][000001A4E31D62C0 49] iPadPro129, [000001A4E2904C00][000001A4E320E440 49] iPadPro97, [000001A4E25DE400][000001A4E32125C0 49] iPadPro2_129, [000001A4E2904800][000001A4D4C48740 49] iPad5, [000001A4E25DC400][000001A4D4C4C8C0 49] iPad6, [000001A4E2905B00][000001A4D4C90A40 49] iPad7, [000001A4E25DF500][000001A4D4C94BC0 49] iPad8, [000001A4E2905F00][000001A4E3838D40 49] iPadPro11, [000001A4E25DDA00][000001A4DB840E80 49] iPadPro2_11, [000001A4E2906500][000001A4E386AFC0 49] iPadPro3_129, [000001A4E25DE200][000001A4E386F100 49] iPadPro4_129, [000001A4E2905600][000001A4D4CA1280 49] AppleTV, [000001A4E25DFD00][000001A4D4CA5400 49] AppleTV4K, [000001A4E2905A00][000001A4D4CA9580 49] TVOS, [000001A4E25DCA00][000001A4D4CB9700 49] Mac, [000001A4E2906400][000001A4DB82F880 49] MacClient, [000001A4E25DEC00][000001A4E3889A00 49] MacNoEditor, [000001A4E2907500][000001A4E388DB80 49] MacServer, [000001A4E25DE300][000001A4E3866180 49] Linux, [000001A4E2904300][000001A4E2E4E300 49] LinuxAArch64, [000001A4E25DE100][000001A4E2E52480 49] LinuxNoEditor, [000001A4E2906300][000001A4D4C50600 49] LinuxAArch64NoEditor, [000001A4E25DFC00][000001A4E3890780 49] LinuxClient, [000001A4E2904F00][000001A4E3894900 49] LinuxAArch64Client, [000001A4E25DD200][000001A4E3898A80 49] LinuxServer, [000001A4E2907000][000001A4E389CC00 49] LinuxAArch64Server, [000001A4E25DD600][000001A4E2E5AD80 49] Android, [000001A4E2905200][000001A4E2E5EF00 49] Android_Low, [000001A4E25DFE00][000001A4D4C9D040 49] Android_Mid, [000001A4E2904100][000001A4E2E63180 49] Android_High, [000001A4E25DEA00][000001A4E2E672C0 49] Android_Default, [000001A4E2905300][000001A4E2E6F440 49] Android_Adreno4xx, [000001A4E28AA300][000001A4E2E735C0 49] Android_Adreno5xx_Low, [000001A4E25E5C00][000001A4E2E77740 49] Android_Adreno5xx, [000001A4E28ABE00][000001A4E2E7B8C0 49] Android_Adreno6xx, [000001A4E25E6700][000001A4E2E7FA40 49] Android_Adreno6xx_Vulkan, [000001A4E28AB600][000001A4D4517BC0 49] Android_Mali_T6xx, [000001A4E25E4F00][000001A4D451A1C0 49] Android_Mali_T7xx, [000001A4E28A9B00][000001A4D451E340 49] Android_Mali_T8xx, [000001A4E25E5F00][000001A4D45224C0 49] Android_Mali_G71, [000001A4E28AAC00][000001A4D4526640 49] Android_Mali_G72, [000001A4E25E6F00][000001A4D452A7C0 49] Android_Mali_G72_Vulkan, [000001A4E28AA500][000001A4D452E940 49] Android_Mali_G76, [000001A4E25E6200][000001A4D4532AC0 49] Android_Mali_G76_Vulkan, [000001A4E28A8E00][000001A4D4C54C40 49] Android_Mali_G77, [000001A4E25E5400][000001A4D4C58DC0 49] Android_Mali_G77_Vulkan, [000001A4E28AB700][000001A4D4C5CF40 49] Android_Mali_G78, [000001A4E25E5300][000001A4D4C610C0 49] Android_Mali_G78_Vulkan, [000001A4E28A9500][000001A4E2E6B200 49] Android_Mali_G710, [000001A4E25E7D00][000001A4D4C65340 49] Android_Mali_G710_Vulkan, [000001A4E28A8700][000001A4D4C69480 49] Android_Vulkan_SM5, [000001A4E25E5B00][000001A4D4C6D5C0 49] Android_PowerVR_G6xxx, [000001A4E28A8A00][000001A4D4C75740 49] Android_PowerVR_GT7xxx, [000001A4E25E4200][000001A4D4C798C0 49] Android_PowerVR_GE8xxx, [000001A4E28AB800][000001A4D4C7DA40 49] Android_PowerVR_GM9xxx, [000001A4E25E4A00][000001A4D4C81BC0 49] Android_PowerVR_GM9xxx_Vulkan, [000001A4E28A9000][000001A4D4C841C0 49] Android_TegraK1, [000001A4E25E5700][000001A4D4C88340 49] Android_Unknown_Vulkan, [000001A4E28A9800][000001A4D4C8C4C0 49] Lumin, [000001A4E25E7C00][000001A4E09D4640 49] Lumin_Desktop, [000001A4E28A9600][000001A4E09D87C0 49] HoloLens, 
[2021.11.23-15.23.15:181][  0]LogMeshReduction: Using QuadricMeshReduction for automatic static mesh reduction
[2021.11.23-15.23.15:181][  0]LogMeshReduction: Using SimplygonMeshReduction for automatic skeletal mesh reduction
[2021.11.23-15.23.15:181][  0]LogMeshReduction: Using ProxyLODMeshReduction for automatic mesh merging
[2021.11.23-15.23.15:181][  0]LogMeshReduction: No distributed automatic mesh merging module available
[2021.11.23-15.23.15:182][  0]LogMeshMerging: No distributed automatic mesh merging module available
[2021.11.23-15.23.15:200][  0]LogNetVersion: KrantzMura_Game 1.0.0, NetCL: 17155196, EngineNetVer: 17, GameNetVer: 0 (Checksum: 3745393285)
[2021.11.23-15.23.15:621][  0]LogTexture: Default maximum texture size for cubemaps generated from long-lat sources has been changed from 512 to unlimited. In order to preserve old behaiour for '/Engine/MapTemplates/Sky/DaylightAmbientCubemap.DaylightAmbientCubemap', its maximum texture size has been explicitly set to 512.
[2021.11.23-15.23.15:688][  0]LogHMD: PokeAHoleMaterial loaded successfully
[2021.11.23-15.23.15:694][  0]LogUObjectArray: 17178 objects as part of root set at end of initial load.
[2021.11.23-15.23.15:694][  0]LogUObjectAllocator: 4301856 out of 0 bytes used by permanent object pool.
[2021.11.23-15.23.15:694][  0]LogUObjectArray: CloseDisregardForGC: 0/0 objects in disregard for GC pool
[2021.11.23-15.23.15:981][  0]LogNiagaraDebuggerClient: Niagara Debugger Client Initialized | Session: 584F2D49462EAB2A5BD98F988955B63D | Instance: 6BF07F014E232792F3AB9793D5A242CB (DESKTOP-0VVSSCV-7356).
[2021.11.23-15.23.16:110][  0]LogImageWrapper: Warning: PNG Warning: Duplicate iCCP chunk
[2021.11.23-15.23.16:110][  0]LogImageWrapper: Warning: PNG Warning: Duplicate iCCP chunk
[2021.11.23-15.23.16:110][  0]LogPython: Using Python 3.7.7
[2021.11.23-15.23.16:711][  0]LogTcpMessaging: Initializing TcpMessaging bridge
[2021.11.23-15.23.16:716][  0]LogUdpMessaging: Initializing bridge on interface 0.0.0.0:0 to multicast group 230.0.0.1:6666.
[2021.11.23-15.23.16:908][  0]SourceControl: Source control is disabled
[2021.11.23-15.23.16:908][  0]SourceControl: Source control is disabled
[2021.11.23-15.23.16:912][  0]SourceControl: Source control is disabled
[2021.11.23-15.23.16:915][  0]SourceControl: Source control is disabled
[2021.11.23-15.23.16:926][  0]SourceControl: Source control is disabled
[2021.11.23-15.23.16:943][  0]LogUProjectInfo: Found projects:
[2021.11.23-15.23.17:154][  0]LogOpenImageDenoise: OIDN starting up
[2021.11.23-15.23.17:185][  0]LogAndroidPermission: UAndroidPermissionCallbackProxy::GetInstance
[2021.11.23-15.23.17:209][  0]LogAudioCaptureCore: Display: No Audio Capture implementations found. Audio input will be silent.
[2021.11.23-15.23.17:209][  0]LogAudioCaptureCore: Display: No Audio Capture implementations found. Audio input will be silent.
[2021.11.23-15.23.17:363][  0]LogCollectionManager: Loaded 0 collections in 0.002260 seconds
[2021.11.23-15.23.17:387][  0]LogFileCache: Scanning file cache for directory 'C:/Users/David/Desktop/Project-Krantz-Mura/KrantzMura_Game/Saved/Collections/' took 0.00s
[2021.11.23-15.23.17:387][  0]LogFileCache: Scanning file cache for directory 'C:/Users/David/Desktop/Project-Krantz-Mura/KrantzMura_Game/Content/Developers/David/Collections/' took 0.00s
[2021.11.23-15.23.17:387][  0]LogFileCache: Scanning file cache for directory 'C:/Users/David/Desktop/Project-Krantz-Mura/KrantzMura_Game/Content/Collections/' took 0.00s
[2021.11.23-15.23.17:387][  0]LogOcInput: OculusInput pre-init called
[2021.11.23-15.23.17:648][  0]LogImageWrapper: Warning: PNG Warning: Duplicate iCCP chunk
[2021.11.23-15.23.17:648][  0]LogImageWrapper: Warning: PNG Warning: Duplicate iCCP chunk
[2021.11.23-15.23.17:649][  0]LogEngine: Initializing Engine...
[2021.11.23-15.23.17:651][  0]LogHMD: Failed to enumerate extensions. Please check that you have a valid OpenXR runtime installed.
[2021.11.23-15.23.17:651][  0]LogHMD: Failed to initialize OpenVR with code 110
[2021.11.23-15.23.17:651][  0]LogMagicLeap: Warning: VR disabled because ZI is not enabled.  To enable, in the editor, Edit -> Project Settings -> Plugins -> Magic Leap Plugin -> Enable Zero Iteration
[2021.11.23-15.23.17:652][  0]LogStats: UGameplayTagsManager::InitializeManager -  0.000 s
[2021.11.23-15.23.17:791][  0]LogInit: Initializing FReadOnlyCVARCache
[2021.11.23-15.23.17:800][  0]LogAIModule: Creating AISystem for world Untitled
[2021.11.23-15.23.17:819][  0]LogAudio: Display: Initializing Audio Device Manager...
[2021.11.23-15.23.17:823][  0]LogAudio: Display: Loading Default Audio Settings Objects...
[2021.11.23-15.23.17:823][  0]LogAudio: Display: No default SoundConcurrencyObject specified (or failed to load).
[2021.11.23-15.23.17:824][  0]LogAudio: Display: Audio Device Manager Initialized
[2021.11.23-15.23.17:824][  0]LogAudio: Display: Creating Audio Device:                 Id: 1, Scope: Shared, Realtime: True
[2021.11.23-15.23.17:824][  0]LogAudioMixer: Display: Audio Mixer Platform Settings:
[2021.11.23-15.23.17:824][  0]LogAudioMixer: Display: 	Sample Rate:						  48000
[2021.11.23-15.23.17:824][  0]LogAudioMixer: Display: 	Callback Buffer Frame Size Requested: 1024
[2021.11.23-15.23.17:824][  0]LogAudioMixer: Display: 	Callback Buffer Frame Size To Use:	  1024
[2021.11.23-15.23.17:824][  0]LogAudioMixer: Display: 	Number of buffers to queue:			  2
[2021.11.23-15.23.17:824][  0]LogAudioMixer: Display: 	Max Channels (voices):				  32
[2021.11.23-15.23.17:824][  0]LogAudioMixer: Display: 	Number of Async Source Workers:		  0
[2021.11.23-15.23.17:824][  0]LogAudio: Display: AudioDevice MaxSources: 32
[2021.11.23-15.23.17:825][  0]LogAudio: Display: Audio Spatialization Plugin: None (built-in).
[2021.11.23-15.23.17:825][  0]LogAudio: Display: Audio Reverb Plugin: None (built-in).
[2021.11.23-15.23.17:825][  0]LogAudio: Display: Audio Occlusion Plugin: None (built-in).
[2021.11.23-15.23.17:825][  0]LogAudioMixer: Display: Initializing audio mixer.
[2021.11.23-15.23.17:847][  0]LogAudioMixer: Display: 0: FrontLeft
[2021.11.23-15.23.17:847][  0]LogAudioMixer: Display: 1: FrontRight
[2021.11.23-15.23.17:880][  0]LogAudioMixer: Display: Using Audio Device Headset Earphone (Corsair VOID Wireless Gaming Dongle)
[2021.11.23-15.23.17:883][  0]LogAudioMixer: Display: Initializing Sound Submixes...
[2021.11.23-15.23.17:885][  0]LogAudioMixer: Display: Creating Master Submix 'MasterSubmixDefault'
[2021.11.23-15.23.17:885][  0]LogAudioMixer: Display: Creating Master Submix 'MasterReverbSubmixDefault'
[2021.11.23-15.23.17:886][  0]LogAudioMixer: Display: Creating Master Submix 'MasterEQSubmixDefault'
[2021.11.23-15.23.17:886][  0]LogAudioMixer: FMixerPlatformXAudio2::StartAudioStream() called
[2021.11.23-15.23.17:886][  0]LogAudioMixer: Display: Output buffers initialized: Frames=1024, Channels=2, Samples=2048
[2021.11.23-15.23.17:888][  0]LogAudioMixer: Display: Starting AudioMixerPlatformInterface::RunInternal()
[2021.11.23-15.23.17:888][  0]LogAudioMixer: Display: FMixerPlatformXAudio2::SubmitBuffer() called for the first time
[2021.11.23-15.23.17:888][  0]LogInit: FAudioDevice initialized.
[2021.11.23-15.23.17:888][  0]LogAudio: Display: Audio Device (ID: 1) registered with world 'Untitled'.
[2021.11.23-15.23.17:888][  0]LogNetVersion: Set ProjectVersion to 1.0.0.0. Version Checksum will be recalculated on next use.
[2021.11.23-15.23.18:076][  0]LogDerivedDataCache: Saved boot cache 0.19s 94MB C:/Users/David/AppData/Local/UnrealEngine/4.27/DerivedDataCache/Boot.ddc.
[2021.11.23-15.23.18:077][  0]LogInit: Texture streaming: Enabled
[2021.11.23-15.23.18:090][  0]LogAnalytics: Display: [UEEditor.Rocket.Release] APIServer = https://datarouter.ol.epicgames.com/. AppVersion = 4.27.1-17735300+++UE4+Release-4.27
[2021.11.23-15.23.18:094][  0]LogEngineSessionManager: EngineSessionManager initialized
[2021.11.23-15.23.18:094][  0]LogEditorSessionSummary: Verbose: Initializing EditorSessionSummaryWriter for editor session tracking
[2021.11.23-15.23.18:096][  0]LogEditorSessionSummary: EditorSessionSummaryWriter initialized
[2021.11.23-15.23.18:126][  0]LogInit: Transaction tracking system initialized
[2021.11.23-15.23.18:148][  0]BlueprintLog: New page: Editor Load
[2021.11.23-15.23.18:208][  0]LocalizationService: Localization service is disabled
[2021.11.23-15.23.18:231][  0]TimingProfiler: Initialize
[2021.11.23-15.23.18:231][  0]TimingProfiler: OnSessionChanged
[2021.11.23-15.23.18:231][  0]LoadingProfiler: Initialize
[2021.11.23-15.23.18:231][  0]LoadingProfiler: OnSessionChanged
[2021.11.23-15.23.18:231][  0]NetworkingProfiler: Initialize
[2021.11.23-15.23.18:232][  0]NetworkingProfiler: OnSessionChanged
[2021.11.23-15.23.18:232][  0]MemoryProfiler: Initialize
[2021.11.23-15.23.18:232][  0]MemoryProfiler: OnSessionChanged
[2021.11.23-15.23.18:375][  0]LogCook: Display: CookSettings for Memory: MemoryMaxUsedVirtual 0MiB, MemoryMaxUsedPhysical 16384MiB, MemoryMinFreeVirtual 0MiB, MemoryMinFreePhysical 1024MiB
[2021.11.23-15.23.18:375][  0]LogCook: Display: Mobile HDR setting 1
[2021.11.23-15.23.18:575][  0]LogFileCache: Scanning file cache for directory 'C:/Users/David/Desktop/Project-Krantz-Mura/KrantzMura_Game/Content/' took 0.00s
[2021.11.23-15.23.18:729][  0]LogImageWrapper: Warning: PNG Warning: Duplicate iCCP chunk
[2021.11.23-15.23.18:729][  0]LogImageWrapper: Warning: PNG Warning: Duplicate iCCP chunk
[2021.11.23-15.23.18:799][  0]LogInit: Display: Engine is initialized. Leaving FEngineLoop::Init()
[2021.11.23-15.23.18:802][  0]SourceControl: Source control is disabled
[2021.11.23-15.23.18:802][  0]LogUnrealEdMisc: Loading editor; pre map load, took 7.687
[2021.11.23-15.23.18:802][  0]Cmd: MAP LOAD FILE="../../../Engine/Content/Maps/Templates/Template_Default.umap" TEMPLATE=1 SHOWPROGRESS=1 FEATURELEVEL=3
[2021.11.23-15.23.18:803][  0]LightingResults: New page: Lighting Build
[2021.11.23-15.23.18:804][  0]LogWorld: UWorld::CleanupWorld for Untitled, bSessionEnded=true, bCleanupResources=true
[2021.11.23-15.23.18:804][  0]LogSlate: InvalidateAllWidgets triggered.  All widgets were invalidated
[2021.11.23-15.23.18:804][  0]MapCheck: New page: Map Check
[2021.11.23-15.23.18:804][  0]LightingResults: New page: Lighting Build
[2021.11.23-15.23.18:810][  0]LogAudio: Display: Audio Device unregistered from world 'None'.
[2021.11.23-15.23.18:814][  0]LogUObjectHash: Compacting FUObjectHashTables data took   0.82ms
[2021.11.23-15.23.18:864][  0]LogTexture: Display: Building textures: DeprecatedTextureEB9CBE3C423008B5E8E130901E171C89 (BGRA8, 128X128)
[2021.11.23-15.23.18:870][  0]LogAudio: Display: Audio Device (ID: 1) registered with world 'Untitled_1'.
[2021.11.23-15.23.18:871][  0]LogAIModule: Creating AISystem for world Untitled_1
[2021.11.23-15.23.18:874][  0]LogEditorServer: Finished looking for orphan Actors (0.000 secs)
[2021.11.23-15.23.18:884][  0]LogUObjectHash: Compacting FUObjectHashTables data took   0.91ms
[2021.11.23-15.23.18:884][  0]Cmd: MAP CHECKDEP NOCLEARLOG
[2021.11.23-15.23.18:885][  0]MapCheck: Map check complete: 0 Error(s), 0 Warning(s), took 0.202ms to complete.
[2021.11.23-15.23.18:885][  0]LogFileHelpers: Loading map 'Template_Default' took 0.083
[2021.11.23-15.23.18:887][  0]LogUnrealEdMisc: Total Editor Startup Time, took 7.773
[2021.11.23-15.23.19:036][  0]LogSlate: Updating window title bar state: overlay mode, drag disabled, window buttons hidden, title bar hidden
[2021.11.23-15.23.19:044][  0]LogSlate: Updating window title bar state: overlay mode, drag disabled, window buttons hidden, title bar hidden
[2021.11.23-15.23.19:051][  0]LogSlate: Updating window title bar state: overlay mode, drag disabled, window buttons hidden, title bar hidden
[2021.11.23-15.23.19:058][  0]LogSlate: Updating window title bar state: overlay mode, drag disabled, window buttons hidden, title bar hidden
[2021.11.23-15.23.19:073][  0]LogNativeClassHierarchy: Verbose: Native class hierarchy populated in 0.0098 seconds. Added 3824 classes and 930 folders.
[2021.11.23-15.23.19:078][  0]LogNativeClassHierarchy: Verbose: Native class hierarchy updated for 'WidgetCarousel' in 0.0003 seconds. Added 0 classes and 0 folders.
[2021.11.23-15.23.19:079][  0]LogPakFile: PakFile PrimaryIndexSize=187
[2021.11.23-15.23.19:079][  0]LogPakFile: PakFile PathHashIndexSize=101
[2021.11.23-15.23.19:079][  0]LogPakFile: PakFile FullDirectoryIndexSize=148
[2021.11.23-15.23.19:079][  0]LogShaderLibrary: Display: ShaderCodeLibraryPakFileMountedCallback: PakFile 'F:/Unreal/UE_4.27/FeaturePacks/FP_FirstPerson.upack' (chunk index -1, root 'root:/') mounted
[2021.11.23-15.23.19:079][  0]LogShaderLibrary: Display: ShaderCodeLibraryPakFileMountedCallback: pending pak file info (ChunkID:-1 Root:root:/ File:F:/Unreal/UE_4.27/FeaturePacks/FP_FirstPerson.upack)
[2021.11.23-15.23.19:079][  0]LogPakFile: OnPakFileMounted2Time == 0.000064
[2021.11.23-15.23.19:080][  0]LogPakFile: PakFile PrimaryIndexSize=189
[2021.11.23-15.23.19:080][  0]LogPakFile: PakFile PathHashIndexSize=101
[2021.11.23-15.23.19:080][  0]LogPakFile: PakFile FullDirectoryIndexSize=152
[2021.11.23-15.23.19:080][  0]LogShaderLibrary: Display: ShaderCodeLibraryPakFileMountedCallback: PakFile 'F:/Unreal/UE_4.27/FeaturePacks/FP_FirstPersonBP.upack' (chunk index -1, root 'root:/') mounted
[2021.11.23-15.23.19:080][  0]LogShaderLibrary: Display: ShaderCodeLibraryPakFileMountedCallback: pending pak file info (ChunkID:-1 Root:root:/ File:F:/Unreal/UE_4.27/FeaturePacks/FP_FirstPersonBP.upack)
[2021.11.23-15.23.19:080][  0]LogPakFile: OnPakFileMounted2Time == 0.000056
[2021.11.23-15.23.19:081][  0]LogPakFile: PakFile PrimaryIndexSize=191
[2021.11.23-15.23.19:081][  0]LogPakFile: PakFile PathHashIndexSize=101
[2021.11.23-15.23.19:081][  0]LogPakFile: PakFile FullDirectoryIndexSize=160
[2021.11.23-15.23.19:081][  0]LogShaderLibrary: Display: ShaderCodeLibraryPakFileMountedCallback: PakFile 'F:/Unreal/UE_4.27/FeaturePacks/MobileStarterContent.upack' (chunk index -1, root 'root:/') mounted
[2021.11.23-15.23.19:081][  0]LogShaderLibrary: Display: ShaderCodeLibraryPakFileMountedCallback: pending pak file info (ChunkID:-1 Root:root:/ File:F:/Unreal/UE_4.27/FeaturePacks/MobileStarterContent.upack)
[2021.11.23-15.23.19:081][  0]LogPakFile: OnPakFileMounted2Time == 0.000041
[2021.11.23-15.23.19:081][  0]LogPakFile: PakFile PrimaryIndexSize=185
[2021.11.23-15.23.19:081][  0]LogPakFile: PakFile PathHashIndexSize=101
[2021.11.23-15.23.19:081][  0]LogPakFile: PakFile FullDirectoryIndexSize=148
[2021.11.23-15.23.19:081][  0]LogShaderLibrary: Display: ShaderCodeLibraryPakFileMountedCallback: PakFile 'F:/Unreal/UE_4.27/FeaturePacks/StarterContent.upack' (chunk index -1, root 'root:/') mounted
[2021.11.23-15.23.19:081][  0]LogShaderLibrary: Display: ShaderCodeLibraryPakFileMountedCallback: pending pak file info (ChunkID:-1 Root:root:/ File:F:/Unreal/UE_4.27/FeaturePacks/StarterContent.upack)
[2021.11.23-15.23.19:081][  0]LogPakFile: OnPakFileMounted2Time == 0.000046
[2021.11.23-15.23.19:082][  0]LogPakFile: PakFile PrimaryIndexSize=190
[2021.11.23-15.23.19:082][  0]LogPakFile: PakFile PathHashIndexSize=101
[2021.11.23-15.23.19:082][  0]LogPakFile: PakFile FullDirectoryIndexSize=154
[2021.11.23-15.23.19:082][  0]LogShaderLibrary: Display: ShaderCodeLibraryPakFileMountedCallback: PakFile 'F:/Unreal/UE_4.27/FeaturePacks/TP_2DSideScroller.upack' (chunk index -1, root 'root:/') mounted
[2021.11.23-15.23.19:082][  0]LogShaderLibrary: Display: ShaderCodeLibraryPakFileMountedCallback: pending pak file info (ChunkID:-1 Root:root:/ File:F:/Unreal/UE_4.27/FeaturePacks/TP_2DSideScroller.upack)
[2021.11.23-15.23.19:082][  0]LogPakFile: OnPakFileMounted2Time == 0.000041
[2021.11.23-15.23.19:082][  0]LogPakFile: PakFile PrimaryIndexSize=192
[2021.11.23-15.23.19:082][  0]LogPakFile: PakFile PathHashIndexSize=101
[2021.11.23-15.23.19:082][  0]LogPakFile: PakFile FullDirectoryIndexSize=158
[2021.11.23-15.23.19:082][  0]LogShaderLibrary: Display: ShaderCodeLibraryPakFileMountedCallback: PakFile 'F:/Unreal/UE_4.27/FeaturePacks/TP_2DSideScrollerBP.upack' (chunk index -1, root 'root:/') mounted
[2021.11.23-15.23.19:082][  0]LogShaderLibrary: Display: ShaderCodeLibraryPakFileMountedCallback: pending pak file info (ChunkID:-1 Root:root:/ File:F:/Unreal/UE_4.27/FeaturePacks/TP_2DSideScrollerBP.upack)
[2021.11.23-15.23.19:083][  0]LogPakFile: OnPakFileMounted2Time == 0.000046
[2021.11.23-15.23.19:083][  0]LogPakFile: PakFile PrimaryIndexSize=182
[2021.11.23-15.23.19:083][  0]LogPakFile: PakFile PathHashIndexSize=101
[2021.11.23-15.23.19:083][  0]LogPakFile: PakFile FullDirectoryIndexSize=138
[2021.11.23-15.23.19:083][  0]LogShaderLibrary: Display: ShaderCodeLibraryPakFileMountedCallback: PakFile 'F:/Unreal/UE_4.27/FeaturePacks/TP_Flying.upack' (chunk index -1, root 'root:/') mounted
[2021.11.23-15.23.19:083][  0]LogShaderLibrary: Display: ShaderCodeLibraryPakFileMountedCallback: pending pak file info (ChunkID:-1 Root:root:/ File:F:/Unreal/UE_4.27/FeaturePacks/TP_Flying.upack)
[2021.11.23-15.23.19:083][  0]LogPakFile: OnPakFileMounted2Time == 0.000049
[2021.11.23-15.23.19:084][  0]LogPakFile: PakFile PrimaryIndexSize=184
[2021.11.23-15.23.19:084][  0]LogPakFile: PakFile PathHashIndexSize=101
[2021.11.23-15.23.19:084][  0]LogPakFile: PakFile FullDirectoryIndexSize=142
[2021.11.23-15.23.19:084][  0]LogShaderLibrary: Display: ShaderCodeLibraryPakFileMountedCallback: PakFile 'F:/Unreal/UE_4.27/FeaturePacks/TP_FlyingBP.upack' (chunk index -1, root 'root:/') mounted
[2021.11.23-15.23.19:084][  0]LogShaderLibrary: Display: ShaderCodeLibraryPakFileMountedCallback: pending pak file info (ChunkID:-1 Root:root:/ File:F:/Unreal/UE_4.27/FeaturePacks/TP_FlyingBP.upack)
[2021.11.23-15.23.19:084][  0]LogPakFile: OnPakFileMounted2Time == 0.000043
[2021.11.23-15.23.19:084][  0]LogPakFile: PakFile PrimaryIndexSize=188
[2021.11.23-15.23.19:085][  0]LogPakFile: PakFile PathHashIndexSize=101
[2021.11.23-15.23.19:085][  0]LogPakFile: PakFile FullDirectoryIndexSize=150
[2021.11.23-15.23.19:085][  0]LogShaderLibrary: Display: ShaderCodeLibraryPakFileMountedCallback: PakFile 'F:/Unreal/UE_4.27/FeaturePacks/TP_HandheldARBP.upack' (chunk index -1, root 'root:/') mounted
[2021.11.23-15.23.19:085][  0]LogShaderLibrary: Display: ShaderCodeLibraryPakFileMountedCallback: pending pak file info (ChunkID:-1 Root:root:/ File:F:/Unreal/UE_4.27/FeaturePacks/TP_HandheldARBP.upack)
[2021.11.23-15.23.19:085][  0]LogPakFile: OnPakFileMounted2Time == 0.000041
[2021.11.23-15.23.19:085][  0]LogPakFile: PakFile PrimaryIndexSize=182
[2021.11.23-15.23.19:085][  0]LogPakFile: PakFile PathHashIndexSize=101
[2021.11.23-15.23.19:085][  0]LogPakFile: PakFile FullDirectoryIndexSize=138
[2021.11.23-15.23.19:085][  0]LogShaderLibrary: Display: ShaderCodeLibraryPakFileMountedCallback: PakFile 'F:/Unreal/UE_4.27/FeaturePacks/TP_Puzzle.upack' (chunk index -1, root 'root:/') mounted
[2021.11.23-15.23.19:085][  0]LogShaderLibrary: Display: ShaderCodeLibraryPakFileMountedCallback: pending pak file info (ChunkID:-1 Root:root:/ File:F:/Unreal/UE_4.27/FeaturePacks/TP_Puzzle.upack)
[2021.11.23-15.23.19:085][  0]LogPakFile: OnPakFileMounted2Time == 0.000042
[2021.11.23-15.23.19:086][  0]LogPakFile: PakFile PrimaryIndexSize=184
[2021.11.23-15.23.19:086][  0]LogPakFile: PakFile PathHashIndexSize=101
[2021.11.23-15.23.19:086][  0]LogPakFile: PakFile FullDirectoryIndexSize=142
[2021.11.23-15.23.19:086][  0]LogShaderLibrary: Display: ShaderCodeLibraryPakFileMountedCallback: PakFile 'F:/Unreal/UE_4.27/FeaturePacks/TP_PuzzleBP.upack' (chunk index -1, root 'root:/') mounted
[2021.11.23-15.23.19:086][  0]LogShaderLibrary: Display: ShaderCodeLibraryPakFileMountedCallback: pending pak file info (ChunkID:-1 Root:root:/ File:F:/Unreal/UE_4.27/FeaturePacks/TP_PuzzleBP.upack)
[2021.11.23-15.23.19:086][  0]LogPakFile: OnPakFileMounted2Time == 0.000042
[2021.11.23-15.23.19:087][  0]LogPakFile: PakFile PrimaryIndexSize=183
[2021.11.23-15.23.19:087][  0]LogPakFile: PakFile PathHashIndexSize=101
[2021.11.23-15.23.19:087][  0]LogPakFile: PakFile FullDirectoryIndexSize=140
[2021.11.23-15.23.19:087][  0]LogShaderLibrary: Display: ShaderCodeLibraryPakFileMountedCallback: PakFile 'F:/Unreal/UE_4.27/FeaturePacks/TP_Rolling.upack' (chunk index -1, root 'root:/') mounted
[2021.11.23-15.23.19:087][  0]LogShaderLibrary: Display: ShaderCodeLibraryPakFileMountedCallback: pending pak file info (ChunkID:-1 Root:root:/ File:F:/Unreal/UE_4.27/FeaturePacks/TP_Rolling.upack)
[2021.11.23-15.23.19:087][  0]LogPakFile: OnPakFileMounted2Time == 0.000045
[2021.11.23-15.23.19:087][  0]LogPakFile: PakFile PrimaryIndexSize=185
[2021.11.23-15.23.19:087][  0]LogPakFile: PakFile PathHashIndexSize=101
[2021.11.23-15.23.19:087][  0]LogPakFile: PakFile FullDirectoryIndexSize=144
[2021.11.23-15.23.19:087][  0]LogShaderLibrary: Display: ShaderCodeLibraryPakFileMountedCallback: PakFile 'F:/Unreal/UE_4.27/FeaturePacks/TP_RollingBP.upack' (chunk index -1, root 'root:/') mounted
[2021.11.23-15.23.19:087][  0]LogShaderLibrary: Display: ShaderCodeLibraryPakFileMountedCallback: pending pak file info (ChunkID:-1 Root:root:/ File:F:/Unreal/UE_4.27/FeaturePacks/TP_RollingBP.upack)
[2021.11.23-15.23.19:087][  0]LogPakFile: OnPakFileMounted2Time == 0.000041
[2021.11.23-15.23.19:088][  0]LogPakFile: PakFile PrimaryIndexSize=188
[2021.11.23-15.23.19:088][  0]LogPakFile: PakFile PathHashIndexSize=101
[2021.11.23-15.23.19:088][  0]LogPakFile: PakFile FullDirectoryIndexSize=150
[2021.11.23-15.23.19:088][  0]LogShaderLibrary: Display: ShaderCodeLibraryPakFileMountedCallback: PakFile 'F:/Unreal/UE_4.27/FeaturePacks/TP_SideScroller.upack' (chunk index -1, root 'root:/') mounted
[2021.11.23-15.23.19:088][  0]LogShaderLibrary: Display: ShaderCodeLibraryPakFileMountedCallback: pending pak file info (ChunkID:-1 Root:root:/ File:F:/Unreal/UE_4.27/FeaturePacks/TP_SideScroller.upack)
[2021.11.23-15.23.19:088][  0]LogPakFile: OnPakFileMounted2Time == 0.000044
[2021.11.23-15.23.19:089][  0]LogPakFile: PakFile PrimaryIndexSize=190
[2021.11.23-15.23.19:089][  0]LogPakFile: PakFile PathHashIndexSize=101
[2021.11.23-15.23.19:089][  0]LogPakFile: PakFile FullDirectoryIndexSize=154
[2021.11.23-15.23.19:089][  0]LogShaderLibrary: Display: ShaderCodeLibraryPakFileMountedCallback: PakFile 'F:/Unreal/UE_4.27/FeaturePacks/TP_SideScrollerBP.upack' (chunk index -1, root 'root:/') mounted
[2021.11.23-15.23.19:089][  0]LogShaderLibrary: Display: ShaderCodeLibraryPakFileMountedCallback: pending pak file info (ChunkID:-1 Root:root:/ File:F:/Unreal/UE_4.27/FeaturePacks/TP_SideScrollerBP.upack)
[2021.11.23-15.23.19:089][  0]LogPakFile: OnPakFileMounted2Time == 0.000052
[2021.11.23-15.23.19:090][  0]LogPakFile: PakFile PrimaryIndexSize=187
[2021.11.23-15.23.19:090][  0]LogPakFile: PakFile PathHashIndexSize=101
[2021.11.23-15.23.19:090][  0]LogPakFile: PakFile FullDirectoryIndexSize=148
[2021.11.23-15.23.19:090][  0]LogShaderLibrary: Display: ShaderCodeLibraryPakFileMountedCallback: PakFile 'F:/Unreal/UE_4.27/FeaturePacks/TP_ThirdPerson.upack' (chunk index -1, root 'root:/') mounted
[2021.11.23-15.23.19:090][  0]LogShaderLibrary: Display: ShaderCodeLibraryPakFileMountedCallback: pending pak file info (ChunkID:-1 Root:root:/ File:F:/Unreal/UE_4.27/FeaturePacks/TP_ThirdPerson.upack)
[2021.11.23-15.23.19:090][  0]LogPakFile: OnPakFileMounted2Time == 0.000045
[2021.11.23-15.23.19:090][  0]LogPakFile: PakFile PrimaryIndexSize=189
[2021.11.23-15.23.19:090][  0]LogPakFile: PakFile PathHashIndexSize=101
[2021.11.23-15.23.19:090][  0]LogPakFile: PakFile FullDirectoryIndexSize=152
[2021.11.23-15.23.19:090][  0]LogShaderLibrary: Display: ShaderCodeLibraryPakFileMountedCallback: PakFile 'F:/Unreal/UE_4.27/FeaturePacks/TP_ThirdPersonBP.upack' (chunk index -1, root 'root:/') mounted
[2021.11.23-15.23.19:090][  0]LogShaderLibrary: Display: ShaderCodeLibraryPakFileMountedCallback: pending pak file info (ChunkID:-1 Root:root:/ File:F:/Unreal/UE_4.27/FeaturePacks/TP_ThirdPersonBP.upack)
[2021.11.23-15.23.19:090][  0]LogPakFile: OnPakFileMounted2Time == 0.000041
[2021.11.23-15.23.19:091][  0]LogPakFile: PakFile PrimaryIndexSize=183
[2021.11.23-15.23.19:091][  0]LogPakFile: PakFile PathHashIndexSize=101
[2021.11.23-15.23.19:091][  0]LogPakFile: PakFile FullDirectoryIndexSize=140
[2021.11.23-15.23.19:091][  0]LogShaderLibrary: Display: ShaderCodeLibraryPakFileMountedCallback: PakFile 'F:/Unreal/UE_4.27/FeaturePacks/TP_TopDown.upack' (chunk index -1, root 'root:/') mounted
[2021.11.23-15.23.19:091][  0]LogShaderLibrary: Display: ShaderCodeLibraryPakFileMountedCallback: pending pak file info (ChunkID:-1 Root:root:/ File:F:/Unreal/UE_4.27/FeaturePacks/TP_TopDown.upack)
[2021.11.23-15.23.19:091][  0]LogPakFile: OnPakFileMounted2Time == 0.000049
[2021.11.23-15.23.19:091][  0]LogPakFile: PakFile PrimaryIndexSize=185
[2021.11.23-15.23.19:092][  0]LogPakFile: PakFile PathHashIndexSize=101
[2021.11.23-15.23.19:092][  0]LogPakFile: PakFile FullDirectoryIndexSize=144
[2021.11.23-15.23.19:092][  0]LogShaderLibrary: Display: ShaderCodeLibraryPakFileMountedCallback: PakFile 'F:/Unreal/UE_4.27/FeaturePacks/TP_TopDownBP.upack' (chunk index -1, root 'root:/') mounted
[2021.11.23-15.23.19:092][  0]LogShaderLibrary: Display: ShaderCodeLibraryPakFileMountedCallback: pending pak file info (ChunkID:-1 Root:root:/ File:F:/Unreal/UE_4.27/FeaturePacks/TP_TopDownBP.upack)
[2021.11.23-15.23.19:092][  0]LogPakFile: OnPakFileMounted2Time == 0.000039
[2021.11.23-15.23.19:092][  0]LogPakFile: PakFile PrimaryIndexSize=185
[2021.11.23-15.23.19:092][  0]LogPakFile: PakFile PathHashIndexSize=101
[2021.11.23-15.23.19:092][  0]LogPakFile: PakFile FullDirectoryIndexSize=144
[2021.11.23-15.23.19:092][  0]LogShaderLibrary: Display: ShaderCodeLibraryPakFileMountedCallback: PakFile 'F:/Unreal/UE_4.27/FeaturePacks/TP_TwinStick.upack' (chunk index -1, root 'root:/') mounted
[2021.11.23-15.23.19:092][  0]LogShaderLibrary: Display: ShaderCodeLibraryPakFileMountedCallback: pending pak file info (ChunkID:-1 Root:root:/ File:F:/Unreal/UE_4.27/FeaturePacks/TP_TwinStick.upack)
[2021.11.23-15.23.19:092][  0]LogPakFile: OnPakFileMounted2Time == 0.000042
[2021.11.23-15.23.19:093][  0]LogPakFile: PakFile PrimaryIndexSize=187
[2021.11.23-15.23.19:093][  0]LogPakFile: PakFile PathHashIndexSize=101
[2021.11.23-15.23.19:093][  0]LogPakFile: PakFile FullDirectoryIndexSize=148
[2021.11.23-15.23.19:093][  0]LogShaderLibrary: Display: ShaderCodeLibraryPakFileMountedCallback: PakFile 'F:/Unreal/UE_4.27/FeaturePacks/TP_TwinStickBP.upack' (chunk index -1, root 'root:/') mounted
[2021.11.23-15.23.19:093][  0]LogShaderLibrary: Display: ShaderCodeLibraryPakFileMountedCallback: pending pak file info (ChunkID:-1 Root:root:/ File:F:/Unreal/UE_4.27/FeaturePacks/TP_TwinStickBP.upack)
[2021.11.23-15.23.19:093][  0]LogPakFile: OnPakFileMounted2Time == 0.000041
[2021.11.23-15.23.19:093][  0]LogPakFile: PakFile PrimaryIndexSize=183
[2021.11.23-15.23.19:093][  0]LogPakFile: PakFile PathHashIndexSize=101
[2021.11.23-15.23.19:093][  0]LogPakFile: PakFile FullDirectoryIndexSize=140
[2021.11.23-15.23.19:093][  0]LogShaderLibrary: Display: ShaderCodeLibraryPakFileMountedCallback: PakFile 'F:/Unreal/UE_4.27/FeaturePacks/TP_Vehicle.upack' (chunk index -1, root 'root:/') mounted
[2021.11.23-15.23.19:093][  0]LogShaderLibrary: Display: ShaderCodeLibraryPakFileMountedCallback: pending pak file info (ChunkID:-1 Root:root:/ File:F:/Unreal/UE_4.27/FeaturePacks/TP_Vehicle.upack)
[2021.11.23-15.23.19:093][  0]LogPakFile: OnPakFileMounted2Time == 0.000040
[2021.11.23-15.23.19:094][  0]LogPakFile: PakFile PrimaryIndexSize=186
[2021.11.23-15.23.19:094][  0]LogPakFile: PakFile PathHashIndexSize=101
[2021.11.23-15.23.19:094][  0]LogPakFile: PakFile FullDirectoryIndexSize=146
[2021.11.23-15.23.19:094][  0]LogShaderLibrary: Display: ShaderCodeLibraryPakFileMountedCallback: PakFile 'F:/Unreal/UE_4.27/FeaturePacks/TP_VehicleAdv.upack' (chunk index -1, root 'root:/') mounted
[2021.11.23-15.23.19:094][  0]LogShaderLibrary: Display: ShaderCodeLibraryPakFileMountedCallback: pending pak file info (ChunkID:-1 Root:root:/ File:F:/Unreal/UE_4.27/FeaturePacks/TP_VehicleAdv.upack)
[2021.11.23-15.23.19:094][  0]LogPakFile: OnPakFileMounted2Time == 0.000050
[2021.11.23-15.23.19:095][  0]LogPakFile: PakFile PrimaryIndexSize=188
[2021.11.23-15.23.19:095][  0]LogPakFile: PakFile PathHashIndexSize=101
[2021.11.23-15.23.19:095][  0]LogPakFile: PakFile FullDirectoryIndexSize=150
[2021.11.23-15.23.19:095][  0]LogShaderLibrary: Display: ShaderCodeLibraryPakFileMountedCallback: PakFile 'F:/Unreal/UE_4.27/FeaturePacks/TP_VehicleAdvBP.upack' (chunk index -1, root 'root:/') mounted
[2021.11.23-15.23.19:095][  0]LogShaderLibrary: Display: ShaderCodeLibraryPakFileMountedCallback: pending pak file info (ChunkID:-1 Root:root:/ File:F:/Unreal/UE_4.27/FeaturePacks/TP_VehicleAdvBP.upack)
[2021.11.23-15.23.19:095][  0]LogPakFile: OnPakFileMounted2Time == 0.000045
[2021.11.23-15.23.19:096][  0]LogPakFile: PakFile PrimaryIndexSize=185
[2021.11.23-15.23.19:096][  0]LogPakFile: PakFile PathHashIndexSize=101
[2021.11.23-15.23.19:096][  0]LogPakFile: PakFile FullDirectoryIndexSize=144
[2021.11.23-15.23.19:096][  0]LogShaderLibrary: Display: ShaderCodeLibraryPakFileMountedCallback: PakFile 'F:/Unreal/UE_4.27/FeaturePacks/TP_VehicleBP.upack' (chunk index -1, root 'root:/') mounted
[2021.11.23-15.23.19:096][  0]LogShaderLibrary: Display: ShaderCodeLibraryPakFileMountedCallback: pending pak file info (ChunkID:-1 Root:root:/ File:F:/Unreal/UE_4.27/FeaturePacks/TP_VehicleBP.upack)
[2021.11.23-15.23.19:096][  0]LogPakFile: OnPakFileMounted2Time == 0.000043
[2021.11.23-15.23.19:096][  0]LogPakFile: PakFile PrimaryIndexSize=192
[2021.11.23-15.23.19:096][  0]LogPakFile: PakFile PathHashIndexSize=101
[2021.11.23-15.23.19:096][  0]LogPakFile: PakFile FullDirectoryIndexSize=158
[2021.11.23-15.23.19:096][  0]LogShaderLibrary: Display: ShaderCodeLibraryPakFileMountedCallback: PakFile 'F:/Unreal/UE_4.27/FeaturePacks/TP_VirtualRealityBP.upack' (chunk index -1, root 'root:/') mounted
[2021.11.23-15.23.19:096][  0]LogShaderLibrary: Display: ShaderCodeLibraryPakFileMountedCallback: pending pak file info (ChunkID:-1 Root:root:/ File:F:/Unreal/UE_4.27/FeaturePacks/TP_VirtualRealityBP.upack)
[2021.11.23-15.23.19:096][  0]LogPakFile: OnPakFileMounted2Time == 0.000046
[2021.11.23-15.23.19:134][  0]LogNativeClassHierarchy: Verbose: Native class hierarchy updated for 'AddContentDialog' in 0.0003 seconds. Added 0 classes and 0 folders.
[2021.11.23-15.23.19:139][  0]LogNativeClassHierarchy: Verbose: Native class hierarchy updated for 'SceneOutliner' in 0.0003 seconds. Added 2 classes and 0 folders.
[2021.11.23-15.23.19:514][  0]LogSlate: Only BGRA pngs, bmps or icos are supported in by External Image Picker
[2021.11.23-15.23.19:610][  0]LogSlate: Took 0.000170 seconds to synchronously load lazily loaded font '../../../Engine/Content/Slate/Fonts/Roboto-Regular.ttf' (155K)
[2021.11.23-15.23.19:611][  0]LogSlate: Took 0.000157 seconds to synchronously load lazily loaded font '../../../Engine/Content/Editor/Slate/Fonts/FontAwesome.ttf' (139K)
[2021.11.23-15.23.19:612][  0]LogSlate: Took 0.000173 seconds to synchronously load lazily loaded font '../../../Engine/Content/Slate/Fonts/Roboto-Bold.ttf' (160K)
[2021.11.23-15.23.19:718][  0]LogRenderer: Reallocating scene render targets to support 1928x828 Format 10 NumSamples 1 (Frame:1).
[2021.11.23-15.23.19:812][  0]LogNativeClassHierarchy: Verbose: Native class hierarchy updated for 'HierarchicalLODOutliner' in 0.0004 seconds. Added 0 classes and 0 folders.
[2021.11.23-15.23.19:812][  0]LogLoad: (Engine Initialization) Total time: 8.70 seconds
[2021.11.23-15.23.19:812][  0]LogLoad: (Engine Initialization) Total Blueprint compile time: 0.00 seconds
[2021.11.23-15.23.19:888][  0]LogContentStreaming: Texture pool size now 1000 MB
[2021.11.23-15.23.19:905][  1]LogAssetRegistry: Asset discovery search completed in 5.1108 seconds
[2021.11.23-15.23.19:912][  1]LogCollectionManager: Fixed up redirectors for 0 collections in 0.000004 seconds (updated 0 objects)
[2021.11.23-15.23.22:522][301]LogUObjectHash: Compacting FUObjectHashTables data took   0.59ms
[2021.11.23-15.23.22:528][301]LogSlate: Took 0.000182 seconds to synchronously load lazily loaded font '../../../Engine/Content/Slate/Fonts/Roboto-Light.ttf' (167K)
[2021.11.23-15.23.22:585][301]LogAssetEditorSubsystem: Opening Asset editor for World /Game/KrantzMura_Map.KrantzMura_Map
[2021.11.23-15.23.22:585][301]Cmd: MAP LOAD FILE="C:/Users/David/Desktop/Project-Krantz-Mura/KrantzMura_Game/Content/KrantzMura_Map.umap" TEMPLATE=0 SHOWPROGRESS=1 FEATURELEVEL=3
[2021.11.23-15.23.22:586][301]LightingResults: New page: Lighting Build
[2021.11.23-15.23.22:586][301]LoadErrors: New page: Loading map: KrantzMura_Map.umap
[2021.11.23-15.23.22:608][301]LogWorld: UWorld::CleanupWorld for Untitled_1, bSessionEnded=true, bCleanupResources=true
[2021.11.23-15.23.22:608][301]LogSlate: InvalidateAllWidgets triggered.  All widgets were invalidated
[2021.11.23-15.23.22:608][301]MapCheck: New page: Map Check
[2021.11.23-15.23.22:608][301]LightingResults: New page: Lighting Build
[2021.11.23-15.23.22:614][301]LogAudio: Display: Audio Device unregistered from world 'None'.
[2021.11.23-15.23.22:617][301]LogUObjectHash: Compacting FUObjectHashTables data took   1.00ms
[2021.11.23-15.23.22:617][301]LogAudio: Display: Audio Device (ID: 1) registered with world 'KrantzMura_Map'.
[2021.11.23-15.23.22:637][301]LogEditorServer: Finished looking for orphan Actors (0.000 secs)
[2021.11.23-15.23.22:637][301]LogAIModule: Creating AISystem for world KrantzMura_Map
[2021.11.23-15.23.22:650][301]LogUObjectHash: Compacting FUObjectHashTables data took   0.62ms
[2021.11.23-15.23.22:653][301]Cmd: MAP CHECKDEP NOCLEARLOG
[2021.11.23-15.23.22:653][301]MapCheck: Map check complete: 0 Error(s), 0 Warning(s), took 0.131ms to complete.
[2021.11.23-15.23.22:653][301]LogFileHelpers: Loading map 'KrantzMura_Map' took 0.068
[2021.11.23-15.23.25:899][636]LogTexture: Display: Building textures: Texture2D_2 (G8, 128X128)
[2021.11.23-15.23.25:933][636]LogSlate: Took 0.000159 seconds to synchronously load lazily loaded font '../../../Engine/Content/Slate/Fonts/Roboto-Italic.ttf' (157K)
[2021.11.23-15.23.42:905][582]Cmd: OBJ SAVEPACKAGE PACKAGE="/Game/KrantzMura_Map" FILE="C:/Users/David/Desktop/Project-Krantz-Mura/KrantzMura_Game/Content/KrantzMura_Map.umap" SILENT=true AUTOSAVING=false KEEPDIRTY=false
[2021.11.23-15.23.42:910][582]LogUObjectHash: Compacting FUObjectHashTables data took   0.61ms
[2021.11.23-15.23.42:918][582]LogTexture: Display: Building textures: Texture2D_0 (BGRA8, 512X512)
[2021.11.23-15.23.43:016][582]LogSavePackage: Moving 'C:/Users/David/Desktop/Project-Krantz-Mura/KrantzMura_Game/Saved/KrantzMura_Map204E9D5D4D396C16B5006CA7F4F7DAE4.tmp' to 'C:/Users/David/Desktop/Project-Krantz-Mura/KrantzMura_Game/Content/KrantzMura_Map.umap'
[2021.11.23-15.23.43:036][582]AssetCheck: New page: Asset Save: KrantzMura_Map
[2021.11.23-15.23.43:036][582]LogContentValidation: Display: Validating World /Game/KrantzMura_Map.KrantzMura_Map
